2025-11-19 22:34:43,150 [INFO] Executando extração (run-id=extract-20251119-223443-af7dd5) - log: /mnt/b/dev/sei-dashboard/logs/extract-20251119-223443-af7dd5.log
2025-11-19 22:40:14,035 [INFO] 222 registro(s) já presentes em relatorio-pericias.xlsx; serão ignorados.
2025-11-19 22:40:14,036 [INFO] Processando 3237 arquivo(s) com 24 worker(s).
2025-11-19 22:40:14,247 [INFO] Concluído 0001344.pdf (1/3237)
2025-11-19 22:40:14,338 [INFO] Concluído 0001210.pdf (2/3237)
2025-11-19 22:40:15,386 [INFO] Concluído 000183702024815.pdf (3/3237)
2025-11-19 22:40:15,606 [INFO] Concluído 0003858.pdf (4/3237)
2025-11-19 22:40:16,402 [INFO] Concluído 0003754120248152.pdf (5/3237)
2025-11-19 22:40:16,589 [INFO] Concluído 0003560820248151.pdf (6/3237)
2025-11-19 22:40:16,608 [INFO] Concluído 0003754120248153.pdf (7/3237)
2025-11-19 22:40:16,613 [INFO] Concluído 0003665620248151.pdf (8/3237)
2025-11-19 22:40:16,674 [INFO] Concluído 000375412024815.pdf (9/3237)
2025-11-19 22:40:16,688 [INFO] Concluído 000206642024815.pdf (10/3237)
2025-11-19 22:40:16,771 [INFO] Concluído 0003777020248153.pdf (11/3237)
2025-11-19 22:40:16,825 [INFO] Concluído 0003777020248152.pdf (12/3237)
2025-11-19 22:40:16,833 [INFO] Concluído 0003777020248151.pdf (13/3237)
2025-11-19 22:40:16,899 [INFO] Concluído 000366562024815.pdf (14/3237)
2025-11-19 22:40:16,980 [INFO] Concluído 0002066420248151.pdf (15/3237)
2025-11-19 22:40:16,991 [INFO] Concluído 0003754120248151.pdf (16/3237)
2025-11-19 22:40:17,171 [INFO] Concluído 000377702024815.pdf (17/3237)
2025-11-19 22:40:17,399 [INFO] Concluído 0002066420248152.pdf (18/3237)
2025-11-19 22:40:17,411 [INFO] Concluído 000373122024815.pdf (19/3237)
2025-11-19 22:40:17,462 [INFO] Concluído 000568752024815.pdf (20/3237)
2025-11-19 22:40:18,151 [INFO] Concluído 000356082024815.pdf (21/3237)
2025-11-19 22:40:18,607 [INFO] Concluído 000423582024815.pdf (22/3237)
2025-11-19 22:40:18,613 [INFO] Concluído 0004235820248151.pdf (23/3237)
2025-11-19 22:40:18,670 [INFO] Concluído 0010227.pdf (24/3237)
2025-11-19 22:40:18,682 [INFO] Concluído 000570072024815.pdf (25/3237)
2025-11-19 22:40:31,651 [INFO] Checkpoint salvo (25 registros no total).
2025-11-19 22:40:31,652 [INFO] Concluído 000576942024815.pdf (26/3237)
2025-11-19 22:40:31,652 [INFO] Concluído 000573022024815.pdf (27/3237)
2025-11-19 22:40:31,652 [INFO] Concluído 000579892024815.pdf (28/3237)
2025-11-19 22:40:31,653 [INFO] Concluído 000795202024815.pdf (29/3237)
2025-11-19 22:40:31,653 [INFO] Concluído 000787982024815.pdf (30/3237)
2025-11-19 22:40:31,654 [INFO] Concluído 0004235820248152.pdf (31/3237)
2025-11-19 22:40:31,654 [INFO] Concluído 000934472024815.pdf (32/3237)
2025-11-19 22:40:31,654 [INFO] Concluído 0011710.pdf (33/3237)
2025-11-19 22:40:31,654 [INFO] Concluído 001034422024815.pdf (34/3237)
2025-11-19 22:40:31,655 [INFO] Concluído 0007952020248151.pdf (35/3237)
2025-11-19 22:40:31,655 [INFO] Concluído 0004235820248153.pdf (36/3237)
2025-11-19 22:40:31,656 [INFO] Concluído 0010344220248151.pdf (37/3237)
2025-11-19 22:40:31,656 [INFO] Concluído 00117101.pdf (38/3237)
2025-11-19 22:40:31,656 [INFO] Concluído 0004235820248154.pdf (39/3237)
2025-11-19 22:40:31,656 [INFO] Concluído 001068502024815.pdf (40/3237)
2025-11-19 22:40:31,656 [INFO] Concluído 0007952020248152.pdf (41/3237)
2025-11-19 22:40:31,657 [INFO] Concluído 0010685020248151.pdf (42/3237)
2025-11-19 22:40:31,657 [INFO] Concluído 001109142024815.pdf (43/3237)
2025-11-19 22:40:31,657 [INFO] Concluído 0012999.pdf (44/3237)
2025-11-19 22:40:31,657 [INFO] Concluído 0013996.pdf (45/3237)
2025-11-19 22:40:31,657 [INFO] Concluído 0010344220248152.pdf (46/3237)
2025-11-19 22:40:31,657 [INFO] Concluído 0008322320248151.pdf (47/3237)
2025-11-19 22:40:31,658 [INFO] Concluído 0010344220248153.pdf (48/3237)
2025-11-19 22:40:31,658 [INFO] Concluído 000832232024815.pdf (49/3237)
2025-11-19 22:40:31,658 [INFO] Concluído 0011091420248151.pdf (50/3237)
2025-11-19 22:40:41,958 [INFO] Checkpoint salvo (50 registros no total).
2025-11-19 22:40:41,959 [INFO] Concluído 001275932024815.pdf (51/3237)
2025-11-19 22:40:41,959 [INFO] Concluído 0012759320248151.pdf (52/3237)
2025-11-19 22:40:41,960 [INFO] Concluído 0008181420248151.pdf (53/3237)
2025-11-19 22:40:41,960 [INFO] Concluído 000818142024815.pdf (54/3237)
2025-11-19 22:40:41,960 [INFO] Concluído 001285442024815.pdf (55/3237)
2025-11-19 22:40:41,961 [INFO] Concluído 001329032024815.pdf (56/3237)
2025-11-19 22:40:41,961 [INFO] Concluído 001466982024815.pdf (57/3237)
2025-11-19 22:40:41,961 [INFO] Concluído 001506962024815.pdf (58/3237)
2025-11-19 22:40:41,961 [INFO] Concluído 0014823920248151.pdf (59/3237)
2025-11-19 22:40:41,961 [INFO] Concluído 001577102024815.pdf (60/3237)
2025-11-19 22:40:41,962 [INFO] Concluído 001482392024815.pdf (61/3237)
2025-11-19 22:40:41,962 [INFO] Concluído 001511232024815.pdf (62/3237)
2025-11-19 22:40:41,962 [INFO] Concluído 001476492024815.pdf (63/3237)
2025-11-19 22:40:41,962 [INFO] Concluído 001472882024815.pdf (64/3237)
2025-11-19 22:40:41,962 [INFO] Concluído 001518762024815.pdf (65/3237)
2025-11-19 22:40:41,963 [INFO] Concluído 001503042024815.pdf (66/3237)
2025-11-19 22:40:41,963 [INFO] Concluído 001625272024815.pdf (67/3237)
2025-11-19 22:40:41,963 [INFO] Concluído 001515812024815.pdf (68/3237)
2025-11-19 22:40:41,963 [INFO] Concluído 0016252720248151.pdf (69/3237)
2025-11-19 22:40:41,963 [INFO] Concluído 001640022024815.pdf (70/3237)
2025-11-19 22:40:41,963 [INFO] Concluído 001517132024815.pdf (71/3237)
2025-11-19 22:40:41,963 [INFO] Concluído 001565302024815.pdf (72/3237)
2025-11-19 22:40:41,964 [INFO] Concluído 001685242024815.pdf (73/3237)
2025-11-19 22:40:41,964 [INFO] Concluído 001681632024815.pdf (74/3237)
2025-11-19 22:40:41,964 [INFO] Concluído 001735702024815.pdf (75/3237)
2025-11-19 22:40:51,649 [INFO] Checkpoint salvo (75 registros no total).
2025-11-19 22:40:51,649 [INFO] Concluído 001684582024815.pdf (76/3237)
2025-11-19 22:40:51,650 [INFO] Concluído 0017652020248151.pdf (77/3237)
2025-11-19 22:40:51,650 [INFO] Concluído 001709812024815.pdf (78/3237)
2025-11-19 22:40:51,650 [INFO] Concluído 001765202024815.pdf (79/3237)
2025-11-19 22:40:51,650 [INFO] Concluído 001769782024815.pdf (80/3237)
2025-11-19 22:40:51,650 [INFO] Concluído 0017697820248152.pdf (81/3237)
2025-11-19 22:40:51,651 [INFO] Concluído 001783872024815.pdf (82/3237)
2025-11-19 22:40:51,651 [INFO] Concluído 0017697820248151.pdf (83/3237)
2025-11-19 22:40:51,651 [INFO] Concluído 001789772024815.pdf (84/3237)
2025-11-19 22:40:51,652 [INFO] Concluído 001969682024815.pdf (85/3237)
2025-11-19 22:40:51,653 [INFO] Concluído 002003762024815.pdf (86/3237)
2025-11-19 22:40:51,654 [INFO] Concluído 0017838720248151.pdf (87/3237)
2025-11-19 22:40:51,654 [INFO] Concluído 002025072024815.pdf (88/3237)
2025-11-19 22:40:51,654 [INFO] Concluído 001938552024815.pdf (89/3237)
2025-11-19 22:40:51,654 [INFO] Concluído 001828122024815.pdf (90/3237)
2025-11-19 22:40:51,654 [INFO] Concluído 001937892024815.pdf (91/3237)
2025-11-19 22:40:51,655 [INFO] Concluído 001224812024815.pdf (92/3237)
2025-11-19 22:40:51,655 [INFO] Concluído 0019378920248153.pdf (93/3237)
2025-11-19 22:40:51,655 [INFO] Concluído 0019378920248152.pdf (94/3237)
2025-11-19 22:40:51,655 [INFO] Concluído 0019378920248151.pdf (95/3237)
2025-11-19 22:40:51,655 [INFO] Concluído 002061442024815.pdf (96/3237)
2025-11-19 22:40:51,656 [INFO] Concluído 000453082024815.pdf (97/3237)
2025-11-19 22:40:51,656 [INFO] Concluído 002145982024815.pdf (98/3237)
2025-11-19 22:40:51,656 [INFO] Concluído 0021459820248151.pdf (99/3237)
2025-11-19 22:40:51,656 [INFO] Concluído 002198422024815.pdf (100/3237)
2025-11-19 22:41:01,022 [INFO] Checkpoint salvo (100 registros no total).
2025-11-19 22:41:01,023 [INFO] Concluído 002070292024815.pdf (101/3237)
2025-11-19 22:41:01,023 [INFO] Concluído 002147302024815.pdf (102/3237)
2025-11-19 22:41:01,023 [INFO] Concluído 0020614420248151.pdf (103/3237)
2025-11-19 22:41:01,023 [INFO] Concluído 002206612024815.pdf (104/3237)
2025-11-19 22:41:01,024 [INFO] Concluído 0021473020248151.pdf (105/3237)
2025-11-19 22:41:01,024 [INFO] Concluído 002185962024815.pdf (106/3237)
2025-11-19 22:41:01,024 [INFO] Concluído 0022066120248151.pdf (107/3237)
2025-11-19 22:41:01,025 [INFO] Concluído 0020702920248151.pdf (108/3237)
2025-11-19 22:41:01,025 [INFO] Concluído 002166632024815.pdf (109/3237)
2025-11-19 22:41:01,025 [INFO] Concluído 002208902024815.pdf (110/3237)
2025-11-19 22:41:01,025 [INFO] Concluído 001160262024815.pdf (111/3237)
2025-11-19 22:41:01,025 [INFO] Concluído 002370142024815.pdf (112/3237)
2025-11-19 22:41:01,025 [INFO] Concluído 002212512024815.pdf (113/3237)
2025-11-19 22:41:01,026 [INFO] Concluído 0023701420248151.pdf (114/3237)
2025-11-19 22:41:01,026 [INFO] Concluído 002214802024815.pdf (115/3237)
2025-11-19 22:41:01,026 [INFO] Concluído 002368822024815.pdf (116/3237)
2025-11-19 22:41:01,026 [INFO] Concluído 0023688220248151.pdf (117/3237)
2025-11-19 22:41:01,027 [INFO] Concluído 002712262024815.pdf (118/3237)
2025-11-19 22:41:01,027 [INFO] Concluído 002567092024815.pdf (119/3237)
2025-11-19 22:41:01,027 [INFO] Concluído 0024671420248151.pdf (120/3237)
2025-11-19 22:41:01,027 [INFO] Concluído 0027122620248151.pdf (121/3237)
2025-11-19 22:41:01,027 [INFO] Concluído 002568722024815.pdf (122/3237)
2025-11-19 22:41:01,027 [INFO] Concluído 002616892024815.pdf (123/3237)
2025-11-19 22:41:01,028 [INFO] Concluído 002467142024815.pdf (124/3237)
2025-11-19 22:41:01,028 [INFO] Concluído 0022390620248151.pdf (125/3237)
2025-11-19 22:41:11,395 [INFO] Checkpoint salvo (125 registros no total).
2025-11-19 22:41:11,396 [INFO] Concluído 002268872024815.pdf (126/3237)
2025-11-19 22:41:11,396 [INFO] Concluído 002239062024815.pdf (127/3237)
2025-11-19 22:41:11,396 [INFO] Concluído 002691612024815.pdf (128/3237)
2025-11-19 22:41:11,396 [INFO] Concluído 0026870320248151.pdf (129/3237)
2025-11-19 22:41:11,396 [INFO] Concluído 002274772024815.pdf (130/3237)
2025-11-19 22:41:11,397 [INFO] Concluído 002566432024815.pdf (131/3237)
2025-11-19 22:41:11,397 [INFO] Concluído 002687032024815.pdf (132/3237)
2025-11-19 22:41:11,397 [INFO] Concluído 002757482024815.pdf (133/3237)
2025-11-19 22:41:11,397 [INFO] Concluído 0027858.pdf (134/3237)
2025-11-19 22:41:11,397 [INFO] Concluído 002772232024815.pdf (135/3237)
2025-11-19 22:41:11,398 [INFO] Concluído 0027945.pdf (136/3237)
2025-11-19 22:41:11,398 [INFO] Concluído 002779762024815.pdf (137/3237)
2025-11-19 22:41:11,398 [INFO] Concluído 0027722320248151.pdf (138/3237)
2025-11-19 22:41:11,398 [INFO] Concluído 0028287.pdf (139/3237)
2025-11-19 22:41:11,398 [INFO] Concluído 0027797620248151.pdf (140/3237)
2025-11-19 22:41:11,398 [INFO] Concluído 002776812024815.pdf (141/3237)
2025-11-19 22:41:11,399 [INFO] Concluído 0027768120248151.pdf (142/3237)
2025-11-19 22:41:11,399 [INFO] Concluído 000121442024815.pdf (143/3237)
2025-11-19 22:41:11,399 [INFO] Concluído 0027745220248151.pdf (144/3237)
2025-11-19 22:41:11,399 [INFO] Concluído 002774522024815.pdf (145/3237)
2025-11-19 22:41:11,399 [INFO] Concluído 002785662024815.pdf (146/3237)
2025-11-19 22:41:11,399 [INFO] Concluído 0027856620248151.pdf (147/3237)
2025-11-19 22:41:11,399 [INFO] Concluído 002782712024815.pdf (148/3237)
2025-11-19 22:41:11,400 [INFO] Concluído 0027827120248151.pdf (149/3237)
2025-11-19 22:41:11,400 [INFO] Concluído 002888562024815.pdf (150/3237)
2025-11-19 22:41:22,032 [INFO] Checkpoint salvo (150 registros no total).
2025-11-19 22:41:22,033 [INFO] Concluído 0028885620248151.pdf (151/3237)
2025-11-19 22:41:22,033 [INFO] Concluído 001627562024815.pdf (152/3237)
2025-11-19 22:41:22,033 [INFO] Concluído 002891512024815.pdf (153/3237)
2025-11-19 22:41:22,033 [INFO] Concluído 0028915120248151.pdf (154/3237)
2025-11-19 22:41:22,033 [INFO] Concluído 002863332024815.pdf (155/3237)
2025-11-19 22:41:22,033 [INFO] Concluído 0028633320248151.pdf (156/3237)
2025-11-19 22:41:22,034 [INFO] Concluído 003002602024815.pdf (157/3237)
2025-11-19 22:41:22,034 [INFO] Concluído 002905602024815.pdf (158/3237)
2025-11-19 22:41:22,034 [INFO] Concluído 0029056020248151.pdf (159/3237)
2025-11-19 22:41:22,034 [INFO] Concluído 003012112024815.pdf (160/3237)
2025-11-19 22:41:22,034 [INFO] Concluído 000675262024815.pdf (161/3237)
2025-11-19 22:41:22,034 [INFO] Concluído 003189072024815.pdf (162/3237)
2025-11-19 22:41:22,035 [INFO] Concluído 0029056020248152.pdf (163/3237)
2025-11-19 22:41:22,035 [INFO] Concluído 0029056020248153.pdf (164/3237)
2025-11-19 22:41:22,035 [INFO] Concluído 0006752620248151.pdf (165/3237)
2025-11-19 22:41:22,035 [INFO] Concluído 003046192024815.pdf (166/3237)
2025-11-19 22:41:22,035 [INFO] Concluído 003164812024815.pdf (167/3237)
2025-11-19 22:41:22,036 [INFO] Concluído 0030461920248151.pdf (168/3237)
2025-11-19 22:41:22,036 [INFO] Concluído 0030461920248152.pdf (169/3237)
2025-11-19 22:41:22,036 [INFO] Concluído 003211352024815.pdf (170/3237)
2025-11-19 22:41:22,036 [INFO] Concluído 0034142020248151.pdf (171/3237)
2025-11-19 22:41:22,036 [INFO] Concluído 003414202024815.pdf (172/3237)
2025-11-19 22:41:22,036 [INFO] Concluído 0027227420248151.pdf (173/3237)
2025-11-19 22:41:22,036 [INFO] Concluído 003236582024815.pdf (174/3237)
2025-11-19 22:41:22,037 [INFO] Concluído 002722742024815.pdf (175/3237)
2025-11-19 22:41:33,305 [INFO] Checkpoint salvo (175 registros no total).
2025-11-19 22:41:33,305 [INFO] Concluído 0032113520248151.pdf (176/3237)
2025-11-19 22:41:33,306 [INFO] Concluído 003297212024815.pdf (177/3237)
2025-11-19 22:41:33,306 [INFO] Concluído 003529872024815.pdf (178/3237)
2025-11-19 22:41:33,306 [INFO] Concluído 003242482024815.pdf (179/3237)
2025-11-19 22:41:33,307 [INFO] Concluído 0032972120248152.pdf (180/3237)
2025-11-19 22:41:33,307 [INFO] Concluído 003331292024815.pdf (181/3237)
2025-11-19 22:41:33,307 [INFO] Concluído 003432872024815.pdf (182/3237)
2025-11-19 22:41:33,308 [INFO] Concluído 0032424820248151.pdf (183/3237)
2025-11-19 22:41:33,308 [INFO] Concluído 003380122024815.pdf (184/3237)
2025-11-19 22:41:33,308 [INFO] Concluído 0033312920248151.pdf (185/3237)
2025-11-19 22:41:33,308 [INFO] Concluído 0032972120248151.pdf (186/3237)
2025-11-19 22:41:33,309 [INFO] Concluído 003589842024815.pdf (187/3237)
2025-11-19 22:41:33,309 [INFO] Concluído 003679312024815.pdf (188/3237)
2025-11-19 22:41:33,309 [INFO] Concluído 003858562024815.pdf (189/3237)
2025-11-19 22:41:33,310 [INFO] Concluído 0038585620248151.pdf (190/3237)
2025-11-19 22:41:33,310 [INFO] Concluído 003707492024815.pdf (191/3237)
2025-11-19 22:41:33,310 [INFO] Concluído 0038821620248151.pdf (192/3237)
2025-11-19 22:41:33,310 [INFO] Concluído 003882162024815.pdf (193/3237)
2025-11-19 22:41:33,311 [INFO] Concluído 003936232024815.pdf (194/3237)
2025-11-19 22:41:33,311 [INFO] Concluído 0037074920248151.pdf (195/3237)
2025-11-19 22:41:33,311 [INFO] Concluído 003710442024815.pdf (196/3237)
2025-11-19 22:41:33,312 [INFO] Concluído 004226572024815.pdf (197/3237)
2025-11-19 22:41:33,312 [INFO] Concluído 003997832024815.pdf (198/3237)
2025-11-19 22:41:33,312 [INFO] Concluído 004214772024815.pdf (199/3237)
2025-11-19 22:41:33,313 [INFO] Concluído 004298342024815.pdf (200/3237)
2025-11-19 22:41:45,060 [INFO] Checkpoint salvo (200 registros no total).
2025-11-19 22:41:45,061 [INFO] Concluído 004006682024815.pdf (201/3237)
2025-11-19 22:41:45,061 [INFO] Concluído 004356022024815.pdf (202/3237)
2025-11-19 22:41:45,061 [INFO] Concluído 004290152024815.pdf (203/3237)
2025-11-19 22:41:45,061 [INFO] Concluído 004596872024815.pdf (204/3237)
2025-11-19 22:41:45,062 [INFO] Concluído 004718132024815.pdf (205/3237)
2025-11-19 22:41:45,062 [INFO] Concluído 0045768820248151.pdf (206/3237)
2025-11-19 22:41:45,062 [INFO] Concluído 004576882024815.pdf (207/3237)
2025-11-19 22:41:45,062 [INFO] Concluído 0047181320248151.pdf (208/3237)
2025-11-19 22:41:45,062 [INFO] Concluído 004625712024815.pdf (209/3237)
2025-11-19 22:41:45,063 [INFO] Concluído 0046257120248151.pdf (210/3237)
2025-11-19 22:41:45,064 [INFO] Concluído 002897412024815.pdf (211/3237)
2025-11-19 22:41:45,064 [INFO] Concluído 0049232720248151.pdf (212/3237)
2025-11-19 22:41:45,065 [INFO] Concluído 004722712024815.pdf (213/3237)
2025-11-19 22:41:45,065 [INFO] Concluído 004923272024815.pdf (214/3237)
2025-11-19 22:41:45,066 [INFO] Concluído 004720422024815.pdf (215/3237)
2025-11-19 22:41:45,066 [INFO] Concluído 004913762024815.pdf (216/3237)
2025-11-19 22:41:45,066 [INFO] Concluído 0049137620248151.pdf (217/3237)
2025-11-19 22:41:45,066 [INFO] Concluído 004983242024815.pdf (218/3237)
2025-11-19 22:41:45,066 [INFO] Concluído 005050742024815.pdf (219/3237)
2025-11-19 22:41:45,067 [INFO] Concluído 0050507420248151.pdf (220/3237)
2025-11-19 22:41:45,067 [INFO] Concluído 005052062024815.pdf (221/3237)
2025-11-19 22:41:45,067 [INFO] Concluído 005053692024815.pdf (222/3237)
2025-11-19 22:41:45,067 [INFO] Concluído 0028974120248151.pdf (223/3237)
2025-11-19 22:41:45,067 [INFO] Concluído 004982582024815.pdf (224/3237)
2025-11-19 22:41:45,067 [INFO] Concluído 005023222024815.pdf (225/3237)
2025-11-19 22:41:57,340 [INFO] Checkpoint salvo (225 registros no total).
2025-11-19 22:41:57,340 [INFO] Concluído 004178402024815.pdf (226/3237)
2025-11-19 22:41:57,340 [INFO] Concluído 005059592024815.pdf (227/3237)
2025-11-19 22:41:57,341 [INFO] Concluído 0050595920248151.pdf (228/3237)
2025-11-19 22:41:57,342 [INFO] Concluído 005062542024815.pdf (229/3237)
2025-11-19 22:41:57,342 [INFO] Concluído 005064832024815.pdf (230/3237)
2025-11-19 22:41:57,342 [INFO] Concluído 0050648320248151.pdf (231/3237)
2025-11-19 22:41:57,342 [INFO] Concluído 005068442024815.pdf (232/3237)
2025-11-19 22:41:57,342 [INFO] Concluído 0050625420248151.pdf (233/3237)
2025-11-19 22:41:57,342 [INFO] Concluído 0050618820248151.pdf (234/3237)
2025-11-19 22:41:57,343 [INFO] Concluído 005061882024815.pdf (235/3237)
2025-11-19 22:41:57,343 [INFO] Concluído 0050677820248151.pdf (236/3237)
2025-11-19 22:41:57,343 [INFO] Concluído 005073682024815.pdf (237/3237)
2025-11-19 22:41:57,343 [INFO] Concluído 005067782024815.pdf (238/3237)
2025-11-19 22:41:57,343 [INFO] Concluído 005076632024815.pdf (239/3237)
2025-11-19 22:41:57,344 [INFO] Concluído 005071392024815.pdf (240/3237)
2025-11-19 22:41:57,344 [INFO] Concluído 0050766320248151.pdf (241/3237)
2025-11-19 22:41:57,344 [INFO] Concluído 005081872024815.pdf (242/3237)
2025-11-19 22:41:57,344 [INFO] Concluído 005082532024815.pdf (243/3237)
2025-11-19 22:41:57,344 [INFO] Concluído 005079582024815.pdf (244/3237)
2025-11-19 22:41:57,344 [INFO] Concluído 005078922024815.pdf (245/3237)
2025-11-19 22:41:57,345 [INFO] Concluído 005083192024815.pdf (246/3237)
2025-11-19 22:41:57,345 [INFO] Concluído 0050831920248151.pdf (247/3237)
2025-11-19 22:41:57,345 [INFO] Concluído 005084822024815.pdf (248/3237)
2025-11-19 22:41:57,345 [INFO] Concluído 0045152820248151.pdf (249/3237)
2025-11-19 22:41:57,345 [INFO] Concluído 005086142024815.pdf (250/3237)
2025-11-19 22:42:10,579 [INFO] Checkpoint salvo (250 registros no total).
2025-11-19 22:42:10,580 [INFO] Concluído 0050831920248152.pdf (251/3237)
2025-11-19 22:42:10,580 [INFO] Concluído 005087772024815.pdf (252/3237)
2025-11-19 22:42:10,581 [INFO] Concluído 004515282024815.pdf (253/3237)
2025-11-19 22:42:10,581 [INFO] Concluído 005085482024815.pdf (254/3237)
2025-11-19 22:42:10,581 [INFO] Concluído 0050854820248151.pdf (255/3237)
2025-11-19 22:42:10,581 [INFO] Concluído 005166102024815.pdf (256/3237)
2025-11-19 22:42:10,582 [INFO] Concluído 005130702024815.pdf (257/3237)
2025-11-19 22:42:10,582 [INFO] Concluído 005111372024815.pdf (258/3237)
2025-11-19 22:42:10,582 [INFO] Concluído 0051795320248151.pdf (259/3237)
2025-11-19 22:42:10,582 [INFO] Concluído 005179532024815.pdf (260/3237)
2025-11-19 22:42:10,582 [INFO] Concluído 005123172024815.pdf (261/3237)
2025-11-19 22:42:10,583 [INFO] Concluído 004176112024815.pdf (262/3237)
2025-11-19 22:42:10,583 [INFO] Concluído 005339452024815.pdf (263/3237)
2025-11-19 22:42:10,583 [INFO] Concluído 005188382024815.pdf (264/3237)
2025-11-19 22:42:10,583 [INFO] Concluído 005352882024815.pdf (265/3237)
2025-11-19 22:42:10,583 [INFO] Concluído 005357152024815.pdf (266/3237)
2025-11-19 22:42:10,583 [INFO] Concluído 0053571520248151.pdf (267/3237)
2025-11-19 22:42:10,584 [INFO] Concluído 0051883820248151.pdf (268/3237)
2025-11-19 22:42:10,584 [INFO] Concluído 0051883820248152.pdf (269/3237)
2025-11-19 22:42:10,584 [INFO] Concluído 004254752024815.pdf (270/3237)
2025-11-19 22:42:10,584 [INFO] Concluído 0053528820248151.pdf (271/3237)
2025-11-19 22:42:10,584 [INFO] Concluído 006026642024815.pdf (272/3237)
2025-11-19 22:42:10,585 [INFO] Concluído 005313562024815.pdf (273/3237)
2025-11-19 22:42:10,585 [INFO] Concluído 006368762024815.pdf (274/3237)
2025-11-19 22:42:10,585 [INFO] Concluído 006229492024815.pdf (275/3237)
2025-11-19 22:42:24,344 [INFO] Checkpoint salvo (275 registros no total).
2025-11-19 22:42:24,346 [INFO] Concluído 006029592024815.pdf (276/3237)
2025-11-19 22:42:24,347 [INFO] Concluído 006228832024815.pdf (277/3237)
2025-11-19 22:42:24,347 [INFO] Concluído 002771572024815.pdf (278/3237)
2025-11-19 22:42:24,347 [INFO] Concluído 006162962024815.pdf (279/3237)
2025-11-19 22:42:24,347 [INFO] Concluído 0059896120248151.pdf (280/3237)
2025-11-19 22:42:24,347 [INFO] Concluído 006373032024815.pdf (281/3237)
2025-11-19 22:42:24,348 [INFO] Concluído 006176082024815.pdf (282/3237)
2025-11-19 22:42:24,348 [INFO] Concluído 004307192024815.pdf (283/3237)
2025-11-19 22:42:24,348 [INFO] Concluído 006748572024815.pdf (284/3237)
2025-11-19 22:42:24,348 [INFO] Concluído 0027715720248151.pdf (285/3237)
2025-11-19 22:42:24,348 [INFO] Concluído 2019099861.pdf (286/3237)
2025-11-19 22:42:24,349 [INFO] Concluído 2020152685.pdf (287/3237)
2025-11-19 22:42:24,349 [INFO] Concluído 004266552024815.pdf (288/3237)
2025-11-19 22:42:24,349 [INFO] Concluído 006168862024815.pdf (289/3237)
2025-11-19 22:42:24,349 [INFO] Concluído 2019127184.pdf (290/3237)
2025-11-19 22:42:24,349 [INFO] Concluído 2018198741.pdf (291/3237)
2025-11-19 22:42:24,349 [INFO] Concluído 2017236129.pdf (292/3237)
2025-11-19 22:42:24,350 [INFO] Concluído 004310142024815.pdf (293/3237)
2025-11-19 22:42:24,350 [INFO] Concluído 2020035945.pdf (294/3237)
2025-11-19 22:42:24,350 [INFO] Concluído 2020113786.pdf (295/3237)
2025-11-19 22:42:24,350 [INFO] Concluído 2018051232.pdf (296/3237)
2025-11-19 22:42:24,350 [INFO] Concluído 2019033404.pdf (297/3237)
2025-11-19 22:42:24,350 [INFO] Concluído 006038442024815.pdf (298/3237)
2025-11-19 22:42:24,351 [INFO] Concluído 2020184049.pdf (299/3237)
2025-11-19 22:42:24,351 [INFO] Concluído 2021027809.pdf (300/3237)
2025-11-19 22:42:37,199 [INFO] Checkpoint salvo (300 registros no total).
2025-11-19 22:42:37,199 [INFO] Concluído 2021011937.pdf (301/3237)
2025-11-19 22:42:37,200 [INFO] Concluído 2021026531.pdf (302/3237)
2025-11-19 22:42:37,201 [INFO] Concluído 2021029419.pdf (303/3237)
2025-11-19 22:42:37,201 [INFO] Concluído 2021042181.pdf (304/3237)
2025-11-19 22:42:37,201 [INFO] Concluído 000779792024815.pdf (305/3237)
2025-11-19 22:42:37,201 [INFO] Concluído 2021019028.pdf (306/3237)
2025-11-19 22:42:37,201 [INFO] Concluído 2021033397.pdf (307/3237)
2025-11-19 22:42:37,202 [INFO] Concluído 004295392024815.pdf (308/3237)
2025-11-19 22:42:37,202 [INFO] Concluído 2021044179.pdf (309/3237)
2025-11-19 22:42:37,202 [INFO] Concluído 004314722024815.pdf (310/3237)
2025-11-19 22:42:37,202 [INFO] Concluído 2021118657.pdf (311/3237)
2025-11-19 22:42:37,202 [INFO] Concluído 2021084913.pdf (312/3237)
2025-11-19 22:42:37,203 [INFO] Concluído 2021131844.pdf (313/3237)
2025-11-19 22:42:37,203 [INFO] Concluído 2020090382.pdf (314/3237)
2025-11-19 22:42:37,203 [INFO] Concluído 2021036199.pdf (315/3237)
2025-11-19 22:42:37,203 [INFO] Concluído 2021024693.pdf (316/3237)
2025-11-19 22:42:37,204 [INFO] Concluído 2021111660.pdf (317/3237)
2025-11-19 22:42:37,204 [INFO] Concluído 2021141979.pdf (318/3237)
2025-11-19 22:42:37,204 [INFO] Concluído 2021139726.pdf (319/3237)
2025-11-19 22:42:37,204 [INFO] Concluído 2021078111.pdf (320/3237)
2025-11-19 22:42:37,204 [INFO] Concluído 2021139349.pdf (321/3237)
2025-11-19 22:42:37,204 [INFO] Concluído 2021144207.pdf (322/3237)
2025-11-19 22:42:37,205 [INFO] Concluído 2021152442.pdf (323/3237)
2025-11-19 22:42:37,205 [INFO] Concluído 2021110482.pdf (324/3237)
2025-11-19 22:42:37,205 [INFO] Concluído 2021152395.pdf (325/3237)
2025-11-19 22:42:50,820 [INFO] Checkpoint salvo (325 registros no total).
2025-11-19 22:42:50,820 [INFO] Concluído 2021144215.pdf (326/3237)
2025-11-19 22:42:50,820 [INFO] Concluído 2022053016.pdf (327/3237)
2025-11-19 22:42:50,820 [INFO] Concluído 2021117710.pdf (328/3237)
2025-11-19 22:42:50,821 [INFO] Concluído 2022029467.pdf (329/3237)
2025-11-19 22:42:50,821 [INFO] Concluído 2021129327.pdf (330/3237)
2025-11-19 22:42:50,821 [INFO] Concluído 2022066375.pdf (331/3237)
2025-11-19 22:42:50,821 [INFO] Concluído 2021057888.pdf (332/3237)
2025-11-19 22:42:50,821 [INFO] Concluído 004979632024815.pdf (333/3237)
2025-11-19 22:42:50,822 [INFO] Concluído 2022050616.pdf (334/3237)
2025-11-19 22:42:50,822 [INFO] Concluído 2021138452.pdf (335/3237)
2025-11-19 22:42:50,822 [INFO] Concluído 2022058916.pdf (336/3237)
2025-11-19 22:42:50,822 [INFO] Concluído 2022112893.pdf (337/3237)
2025-11-19 22:42:50,822 [INFO] Concluído 2022112908.pdf (338/3237)
2025-11-19 22:42:50,822 [INFO] Concluído 2021120250.pdf (339/3237)
2025-11-19 22:42:50,823 [INFO] Concluído 2021155252.pdf (340/3237)
2025-11-19 22:42:50,823 [INFO] Concluído 2022114243.pdf (341/3237)
2025-11-19 22:42:50,823 [INFO] Concluído 2020167511.pdf (342/3237)
2025-11-19 22:42:50,823 [INFO] Concluído 2022114831.pdf (343/3237)
2025-11-19 22:42:50,823 [INFO] Concluído 2022105785.pdf (344/3237)
2025-11-19 22:42:50,823 [INFO] Concluído 2022136783.pdf (345/3237)
2025-11-19 22:42:50,823 [INFO] Concluído 2021154862.pdf (346/3237)
2025-11-19 22:42:50,824 [INFO] Concluído 2020178967.pdf (347/3237)
2025-11-19 22:42:50,824 [INFO] Concluído 2022130325.pdf (348/3237)
2025-11-19 22:42:50,824 [INFO] Concluído 2021050735.pdf (349/3237)
2025-11-19 22:42:50,824 [INFO] Concluído 2022123906.pdf (350/3237)
2025-11-19 22:43:05,512 [INFO] Checkpoint salvo (350 registros no total).
2025-11-19 22:43:05,513 [INFO] Concluído 2022132273.pdf (351/3237)
2025-11-19 22:43:05,513 [INFO] Concluído 20221239061.pdf (352/3237)
2025-11-19 22:43:05,513 [INFO] Concluído 2021073255.pdf (353/3237)
2025-11-19 22:43:05,514 [INFO] Concluído 2022141660.pdf (354/3237)
2025-11-19 22:43:05,514 [INFO] Concluído 2022145157.pdf (355/3237)
2025-11-19 22:43:05,514 [INFO] Concluído 2022140353.pdf (356/3237)
2025-11-19 22:43:05,514 [INFO] Concluído 002742732024815.pdf (357/3237)
2025-11-19 22:43:05,514 [INFO] Concluído 20221451571.pdf (358/3237)
2025-11-19 22:43:05,515 [INFO] Concluído 2022143604.pdf (359/3237)
2025-11-19 22:43:05,515 [INFO] Concluído 2022144507.pdf (360/3237)
2025-11-19 22:43:05,515 [INFO] Concluído 2022132667.pdf (361/3237)
2025-11-19 22:43:05,515 [INFO] Concluído 2022074769.pdf (362/3237)
2025-11-19 22:43:05,515 [INFO] Concluído 2022143557.pdf (363/3237)
2025-11-19 22:43:05,515 [INFO] Concluído 2022138498.pdf (364/3237)
2025-11-19 22:43:05,515 [INFO] Concluído 2022145892.pdf (365/3237)
2025-11-19 22:43:05,516 [INFO] Concluído 2022075954.pdf (366/3237)
2025-11-19 22:43:05,516 [INFO] Concluído 2022145905.pdf (367/3237)
2025-11-19 22:43:05,516 [INFO] Concluído 2022091219.pdf (368/3237)
2025-11-19 22:43:05,516 [INFO] Concluído 0027427320248151.pdf (369/3237)
2025-11-19 22:43:05,517 [INFO] Concluído 2022147066.pdf (370/3237)
2025-11-19 22:43:05,517 [INFO] Concluído 20220759541.pdf (371/3237)
2025-11-19 22:43:05,517 [INFO] Concluído 2022147664.pdf (372/3237)
2025-11-19 22:43:05,517 [INFO] Concluído 2022145921.pdf (373/3237)
2025-11-19 22:43:05,517 [INFO] Concluído 2022142468.pdf (374/3237)
2025-11-19 22:43:05,518 [INFO] Concluído 2022147701.pdf (375/3237)
2025-11-19 22:43:20,319 [INFO] Checkpoint salvo (375 registros no total).
2025-11-19 22:43:20,320 [INFO] Concluído 2022147630.pdf (376/3237)
2025-11-19 22:43:20,321 [INFO] Concluído 2022147697.pdf (377/3237)
2025-11-19 22:43:20,321 [INFO] Concluído 2022148202.pdf (378/3237)
2025-11-19 22:43:20,322 [INFO] Concluído 2022146131.pdf (379/3237)
2025-11-19 22:43:20,322 [INFO] Concluído 2022148472.pdf (380/3237)
2025-11-19 22:43:20,322 [INFO] Concluído 2022147605.pdf (381/3237)
2025-11-19 22:43:20,322 [INFO] Concluído 2022148489.pdf (382/3237)
2025-11-19 22:43:20,323 [INFO] Concluído 2022147541.pdf (383/3237)
2025-11-19 22:43:20,323 [INFO] Concluído 2022148464.pdf (384/3237)
2025-11-19 22:43:20,323 [INFO] Concluído 2021067759.pdf (385/3237)
2025-11-19 22:43:20,323 [INFO] Concluído 2022135696.pdf (386/3237)
2025-11-19 22:43:20,324 [INFO] Concluído 2022149424.pdf (387/3237)
2025-11-19 22:43:20,324 [INFO] Concluído 2022148501.pdf (388/3237)
2025-11-19 22:43:20,324 [INFO] Concluído 2022148544.pdf (389/3237)
2025-11-19 22:43:20,324 [INFO] Concluído 2022149615.pdf (390/3237)
2025-11-19 22:43:20,324 [INFO] Concluído 2022148536.pdf (391/3237)
2025-11-19 22:43:20,324 [INFO] Concluído 2022148569.pdf (392/3237)
2025-11-19 22:43:20,325 [INFO] Concluído 2022155920.pdf (393/3237)
2025-11-19 22:43:20,325 [INFO] Concluído 2022155260.pdf (394/3237)
2025-11-19 22:43:20,325 [INFO] Concluído 2022148577.pdf (395/3237)
2025-11-19 22:43:20,325 [INFO] Concluído 2022158112.pdf (396/3237)
2025-11-19 22:43:20,326 [INFO] Concluído 20221559201.pdf (397/3237)
2025-11-19 22:43:20,326 [INFO] Concluído 2022148528.pdf (398/3237)
2025-11-19 22:43:20,326 [INFO] Concluído 2022159046.pdf (399/3237)
2025-11-19 22:43:20,326 [INFO] Concluído 2022158864.pdf (400/3237)
2025-11-19 22:43:36,380 [INFO] Checkpoint salvo (400 registros no total).
2025-11-19 22:43:36,380 [INFO] Concluído 2022158928.pdf (401/3237)
2025-11-19 22:43:36,380 [INFO] Concluído 2022158901.pdf (402/3237)
2025-11-19 22:43:36,380 [INFO] Concluído 2022158944.pdf (403/3237)
2025-11-19 22:43:36,381 [INFO] Concluído 2022158571.pdf (404/3237)
2025-11-19 22:43:36,381 [INFO] Concluído 2022158635.pdf (405/3237)
2025-11-19 22:43:36,381 [INFO] Concluído 2022160817.pdf (406/3237)
2025-11-19 22:43:36,381 [INFO] Concluído 2022159011.pdf (407/3237)
2025-11-19 22:43:36,382 [INFO] Concluído 2022161061.pdf (408/3237)
2025-11-19 22:43:36,382 [INFO] Concluído 2022161158.pdf (409/3237)
2025-11-19 22:43:36,382 [INFO] Concluído 2021084964.pdf (410/3237)
2025-11-19 22:43:36,382 [INFO] Concluído 2022159513.pdf (411/3237)
2025-11-19 22:43:36,382 [INFO] Concluído 2022157755.pdf (412/3237)
2025-11-19 22:43:36,382 [INFO] Concluído 2022165675.pdf (413/3237)
2025-11-19 22:43:36,383 [INFO] Concluído 2022160948.pdf (414/3237)
2025-11-19 22:43:36,383 [INFO] Concluído 2022162509.pdf (415/3237)
2025-11-19 22:43:36,383 [INFO] Concluído 2022161908.pdf (416/3237)
2025-11-19 22:43:36,383 [INFO] Concluído 2022154347.pdf (417/3237)
2025-11-19 22:43:36,383 [INFO] Concluído 2022167693.pdf (418/3237)
2025-11-19 22:43:36,383 [INFO] Concluído 2021145159.pdf (419/3237)
2025-11-19 22:43:36,384 [INFO] Concluído 2022168276.pdf (420/3237)
2025-11-19 22:43:36,384 [INFO] Concluído 2022168241.pdf (421/3237)
2025-11-19 22:43:36,384 [INFO] Concluído 2022168305.pdf (422/3237)
2025-11-19 22:43:36,384 [INFO] Concluído 2022164094.pdf (423/3237)
2025-11-19 22:43:36,385 [INFO] Concluído 2022168268.pdf (424/3237)
2025-11-19 22:43:36,385 [INFO] Concluído 2022170592.pdf (425/3237)
2025-11-19 22:43:52,452 [INFO] Checkpoint salvo (425 registros no total).
2025-11-19 22:43:52,453 [INFO] Concluído 2022132976.pdf (426/3237)
2025-11-19 22:43:52,453 [INFO] Concluído 2022168731.pdf (427/3237)
2025-11-19 22:43:52,453 [INFO] Concluído 2022170584.pdf (428/3237)
2025-11-19 22:43:52,453 [INFO] Concluído 2022169365.pdf (429/3237)
2025-11-19 22:43:52,454 [INFO] Concluído 2022166215.pdf (430/3237)
2025-11-19 22:43:52,454 [INFO] Concluído 2023005024.pdf (431/3237)
2025-11-19 22:43:52,454 [INFO] Concluído 2023006222.pdf (432/3237)
2025-11-19 22:43:52,454 [INFO] Concluído 2023005274.pdf (433/3237)
2025-11-19 22:43:52,454 [INFO] Concluído 2022171309.pdf (434/3237)
2025-11-19 22:43:52,455 [INFO] Concluído 2023001777.pdf (435/3237)
2025-11-19 22:43:52,455 [INFO] Concluído 2023004249.pdf (436/3237)
2025-11-19 22:43:52,455 [INFO] Concluído 2022170689.pdf (437/3237)
2025-11-19 22:43:52,455 [INFO] Concluído 2023007143.pdf (438/3237)
2025-11-19 22:43:52,456 [INFO] Concluído 2023006302.pdf (439/3237)
2025-11-19 22:43:52,456 [INFO] Concluído 2023005539.pdf (440/3237)
2025-11-19 22:43:52,456 [INFO] Concluído 2022171384.pdf (441/3237)
2025-11-19 22:43:52,456 [INFO] Concluído 2022161053.pdf (442/3237)
2025-11-19 22:43:52,457 [INFO] Concluído 2023000949.pdf (443/3237)
2025-11-19 22:43:52,457 [INFO] Concluído 2023000924.pdf (444/3237)
2025-11-19 22:43:52,457 [INFO] Concluído 2023008453.pdf (445/3237)
2025-11-19 22:43:52,457 [INFO] Concluído 2023004396.pdf (446/3237)
2025-11-19 22:43:52,457 [INFO] Concluído 2022156615.pdf (447/3237)
2025-11-19 22:43:52,458 [INFO] Concluído 2023008611.pdf (448/3237)
2025-11-19 22:43:52,458 [INFO] Concluído 2023010018.pdf (449/3237)
2025-11-19 22:43:52,458 [INFO] Concluído 2023010882.pdf (450/3237)
2025-11-19 22:44:09,160 [INFO] Checkpoint salvo (450 registros no total).
2025-11-19 22:44:09,160 [INFO] Concluído 2023017374.pdf (451/3237)
2025-11-19 22:44:09,160 [INFO] Concluído 2023015022.pdf (452/3237)
2025-11-19 22:44:09,161 [INFO] Concluído 2023018455.pdf (453/3237)
2025-11-19 22:44:09,161 [INFO] Concluído 2023014441.pdf (454/3237)
2025-11-19 22:44:09,161 [INFO] Concluído 2023010938.pdf (455/3237)
2025-11-19 22:44:09,161 [INFO] Concluído 2023014038.pdf (456/3237)
2025-11-19 22:44:09,161 [INFO] Concluído 2023010903.pdf (457/3237)
2025-11-19 22:44:09,162 [INFO] Concluído 2023010067.pdf (458/3237)
2025-11-19 22:44:09,162 [INFO] Concluído 2023010874.pdf (459/3237)
2025-11-19 22:44:09,162 [INFO] Concluído 2023020110.pdf (460/3237)
2025-11-19 22:44:09,162 [INFO] Concluído 2023018037.pdf (461/3237)
2025-11-19 22:44:09,162 [INFO] Concluído 2023018650.pdf (462/3237)
2025-11-19 22:44:09,162 [INFO] Concluído 2023016285.pdf (463/3237)
2025-11-19 22:44:09,163 [INFO] Concluído 2023018684.pdf (464/3237)
2025-11-19 22:44:09,163 [INFO] Concluído 2023015581.pdf (465/3237)
2025-11-19 22:44:09,163 [INFO] Concluído 2023018916.pdf (466/3237)
2025-11-19 22:44:09,163 [INFO] Concluído 2023025614.pdf (467/3237)
2025-11-19 22:44:09,163 [INFO] Concluído 2023015372.pdf (468/3237)
2025-11-19 22:44:09,163 [INFO] Concluído 2023023879.pdf (469/3237)
2025-11-19 22:44:09,163 [INFO] Concluído 2023017671.pdf (470/3237)
2025-11-19 22:44:09,163 [INFO] Concluído 2023015364.pdf (471/3237)
2025-11-19 22:44:09,164 [INFO] Concluído 2023023991.pdf (472/3237)
2025-11-19 22:44:09,164 [INFO] Concluído 2023023731.pdf (473/3237)
2025-11-19 22:44:09,164 [INFO] Concluído 2023020595.pdf (474/3237)
2025-11-19 22:44:09,164 [INFO] Concluído 2023026973.pdf (475/3237)
2025-11-19 22:44:25,838 [INFO] Checkpoint salvo (475 registros no total).
2025-11-19 22:44:25,839 [INFO] Concluído 2023026965.pdf (476/3237)
2025-11-19 22:44:25,840 [INFO] Concluído 2023026981.pdf (477/3237)
2025-11-19 22:44:25,841 [INFO] Concluído 2023020771.pdf (478/3237)
2025-11-19 22:44:25,842 [INFO] Concluído 2023034576.pdf (479/3237)
2025-11-19 22:44:25,842 [INFO] Concluído 2023023942.pdf (480/3237)
2025-11-19 22:44:25,842 [INFO] Concluído 2023034267.pdf (481/3237)
2025-11-19 22:44:25,843 [INFO] Concluído 2023034808.pdf (482/3237)
2025-11-19 22:44:25,843 [INFO] Concluído 2023034752.pdf (483/3237)
2025-11-19 22:44:25,843 [INFO] Concluído 2023034970.pdf (484/3237)
2025-11-19 22:44:25,843 [INFO] Concluído 2023034291.pdf (485/3237)
2025-11-19 22:44:25,843 [INFO] Concluído 2021065378.pdf (486/3237)
2025-11-19 22:44:25,843 [INFO] Concluído 2023035042.pdf (487/3237)
2025-11-19 22:44:25,844 [INFO] Concluído 2023028593.pdf (488/3237)
2025-11-19 22:44:25,844 [INFO] Concluído 2023035026.pdf (489/3237)
2025-11-19 22:44:25,844 [INFO] Concluído 2023035083.pdf (490/3237)
2025-11-19 22:44:25,844 [INFO] Concluído 2023034988.pdf (491/3237)
2025-11-19 22:44:25,844 [INFO] Concluído 2023026748.pdf (492/3237)
2025-11-19 22:44:25,844 [INFO] Concluído 2023014999.pdf (493/3237)
2025-11-19 22:44:25,845 [INFO] Concluído 2023035106.pdf (494/3237)
2025-11-19 22:44:25,845 [INFO] Concluído 2023026174.pdf (495/3237)
2025-11-19 22:44:25,845 [INFO] Concluído 2023035122.pdf (496/3237)
2025-11-19 22:44:25,845 [INFO] Concluído 2023034283.pdf (497/3237)
2025-11-19 22:44:25,846 [INFO] Concluído 2023027613.pdf (498/3237)
2025-11-19 22:44:25,846 [INFO] Concluído 2022167652.pdf (499/3237)
2025-11-19 22:44:25,846 [INFO] Concluído 2023036408.pdf (500/3237)
2025-11-19 22:44:44,803 [INFO] Checkpoint salvo (500 registros no total).
2025-11-19 22:44:44,804 [INFO] Concluído 2023032028.pdf (501/3237)
2025-11-19 22:44:44,804 [INFO] Concluído 2023036891.pdf (502/3237)
2025-11-19 22:44:44,804 [INFO] Concluído 2023036914.pdf (503/3237)
2025-11-19 22:44:44,804 [INFO] Concluído 2023036393.pdf (504/3237)
2025-11-19 22:44:44,804 [INFO] Concluído 2023036711.pdf (505/3237)
2025-11-19 22:44:44,805 [INFO] Concluído 2023036703.pdf (506/3237)
2025-11-19 22:44:44,805 [INFO] Concluído 2023035712.pdf (507/3237)
2025-11-19 22:44:44,805 [INFO] Concluído 2023037925.pdf (508/3237)
2025-11-19 22:44:44,805 [INFO] Concluído 2023031599.pdf (509/3237)
2025-11-19 22:44:44,806 [INFO] Concluído 2023037771.pdf (510/3237)
2025-11-19 22:44:44,806 [INFO] Concluído 2023037933.pdf (511/3237)
2025-11-19 22:44:44,806 [INFO] Concluído 2023037224.pdf (512/3237)
2025-11-19 22:44:44,806 [INFO] Concluído 2023038112.pdf (513/3237)
2025-11-19 22:44:44,806 [INFO] Concluído 2023038081.pdf (514/3237)
2025-11-19 22:44:44,806 [INFO] Concluído 2023038258.pdf (515/3237)
2025-11-19 22:44:44,806 [INFO] Concluído 2023038104.pdf (516/3237)
2025-11-19 22:44:44,807 [INFO] Concluído 2023038090.pdf (517/3237)
2025-11-19 22:44:44,807 [INFO] Concluído 2023037600.pdf (518/3237)
2025-11-19 22:44:44,807 [INFO] Concluído 2023037747.pdf (519/3237)
2025-11-19 22:44:44,807 [INFO] Concluído 2023037941.pdf (520/3237)
2025-11-19 22:44:44,807 [INFO] Concluído 2023037739.pdf (521/3237)
2025-11-19 22:44:44,807 [INFO] Concluído 2023037780.pdf (522/3237)
2025-11-19 22:44:44,808 [INFO] Concluído 2023039191.pdf (523/3237)
2025-11-19 22:44:44,808 [INFO] Concluído 2023039206.pdf (524/3237)
2025-11-19 22:44:44,808 [INFO] Concluído 2023039441.pdf (525/3237)
2025-11-19 22:45:03,840 [INFO] Checkpoint salvo (525 registros no total).
2025-11-19 22:45:03,840 [INFO] Concluído 2022154398.pdf (526/3237)
2025-11-19 22:45:03,840 [INFO] Concluído 2023039054.pdf (527/3237)
2025-11-19 22:45:03,840 [INFO] Concluído 2023039468.pdf (528/3237)
2025-11-19 22:45:03,841 [INFO] Concluído 2023037798.pdf (529/3237)
2025-11-19 22:45:03,841 [INFO] Concluído 2023039409.pdf (530/3237)
2025-11-19 22:45:03,841 [INFO] Concluído 2023039492.pdf (531/3237)
2025-11-19 22:45:03,841 [INFO] Concluído 2023039222.pdf (532/3237)
2025-11-19 22:45:03,841 [INFO] Concluído 2023039394.pdf (533/3237)
2025-11-19 22:45:03,841 [INFO] Concluído 2023038993.pdf (534/3237)
2025-11-19 22:45:03,842 [INFO] Concluído 2023038985.pdf (535/3237)
2025-11-19 22:45:03,842 [INFO] Concluído 2023039513.pdf (536/3237)
2025-11-19 22:45:03,842 [INFO] Concluído 2023043616.pdf (537/3237)
2025-11-19 22:45:03,842 [INFO] Concluído 2023040526.pdf (538/3237)
2025-11-19 22:45:03,842 [INFO] Concluído 2023041869.pdf (539/3237)
2025-11-19 22:45:03,843 [INFO] Concluído 2023044699.pdf (540/3237)
2025-11-19 22:45:03,843 [INFO] Concluído 2023041633.pdf (541/3237)
2025-11-19 22:45:03,843 [INFO] Concluído 2023041641.pdf (542/3237)
2025-11-19 22:45:03,843 [INFO] Concluído 2023041916.pdf (543/3237)
2025-11-19 22:45:03,843 [INFO] Concluído 2023046467.pdf (544/3237)
2025-11-19 22:45:03,843 [INFO] Concluído 2023036947.pdf (545/3237)
2025-11-19 22:45:03,844 [INFO] Concluído 2023043608.pdf (546/3237)
2025-11-19 22:45:03,844 [INFO] Concluído 2023036955.pdf (547/3237)
2025-11-19 22:45:03,844 [INFO] Concluído 2023043286.pdf (548/3237)
2025-11-19 22:45:03,844 [INFO] Concluído 2023042267.pdf (549/3237)
2025-11-19 22:45:03,844 [INFO] Concluído 2023046678.pdf (550/3237)
2025-11-19 22:45:22,364 [INFO] Checkpoint salvo (550 registros no total).
2025-11-19 22:45:22,364 [INFO] Concluído 2023041908.pdf (551/3237)
2025-11-19 22:45:22,365 [INFO] Concluído 2023043840.pdf (552/3237)
2025-11-19 22:45:22,365 [INFO] Concluído 2023045152.pdf (553/3237)
2025-11-19 22:45:22,365 [INFO] Concluído 2023046223.pdf (554/3237)
2025-11-19 22:45:22,366 [INFO] Concluído 2023047513.pdf (555/3237)
2025-11-19 22:45:22,366 [INFO] Concluído 2023049308.pdf (556/3237)
2025-11-19 22:45:22,366 [INFO] Concluído 2023047790.pdf (557/3237)
2025-11-19 22:45:22,366 [INFO] Concluído 2023047923.pdf (558/3237)
2025-11-19 22:45:22,367 [INFO] Concluído 2023043059.pdf (559/3237)
2025-11-19 22:45:22,367 [INFO] Concluído 2023047870.pdf (560/3237)
2025-11-19 22:45:22,367 [INFO] Concluído 2023048862.pdf (561/3237)
2025-11-19 22:45:22,367 [INFO] Concluído 2023043954.pdf (562/3237)
2025-11-19 22:45:22,368 [INFO] Concluído 2023047829.pdf (563/3237)
2025-11-19 22:45:22,368 [INFO] Concluído 2023047845.pdf (564/3237)
2025-11-19 22:45:22,368 [INFO] Concluído 2023048895.pdf (565/3237)
2025-11-19 22:45:22,368 [INFO] Concluído 2023049277.pdf (566/3237)
2025-11-19 22:45:22,369 [INFO] Concluído 2023048047.pdf (567/3237)
2025-11-19 22:45:22,369 [INFO] Concluído 2023048102.pdf (568/3237)
2025-11-19 22:45:22,369 [INFO] Concluído 2023051147.pdf (569/3237)
2025-11-19 22:45:22,369 [INFO] Concluído 2023051528.pdf (570/3237)
2025-11-19 22:45:22,370 [INFO] Concluído 2023051761.pdf (571/3237)
2025-11-19 22:45:22,370 [INFO] Concluído 2023048135.pdf (572/3237)
2025-11-19 22:45:22,370 [INFO] Concluído 2023052125.pdf (573/3237)
2025-11-19 22:45:22,370 [INFO] Concluído 2023051251.pdf (574/3237)
2025-11-19 22:45:22,371 [INFO] Concluído 2023047302.pdf (575/3237)
2025-11-19 22:45:41,989 [INFO] Checkpoint salvo (575 registros no total).
2025-11-19 22:45:41,989 [INFO] Concluído 2023048098.pdf (576/3237)
2025-11-19 22:45:41,990 [INFO] Concluído 2023051946.pdf (577/3237)
2025-11-19 22:45:41,990 [INFO] Concluído 2023051294.pdf (578/3237)
2025-11-19 22:45:41,990 [INFO] Concluído 2023053144.pdf (579/3237)
2025-11-19 22:45:41,991 [INFO] Concluído 2023048532.pdf (580/3237)
2025-11-19 22:45:41,991 [INFO] Concluído 2023052875.pdf (581/3237)
2025-11-19 22:45:41,991 [INFO] Concluído 2023050890.pdf (582/3237)
2025-11-19 22:45:41,991 [INFO] Concluído 2023056372.pdf (583/3237)
2025-11-19 22:45:41,991 [INFO] Concluído 2023055597.pdf (584/3237)
2025-11-19 22:45:41,992 [INFO] Concluído 2023052184.pdf (585/3237)
2025-11-19 22:45:41,992 [INFO] Concluído 2023053600.pdf (586/3237)
2025-11-19 22:45:41,992 [INFO] Concluído 2023056397.pdf (587/3237)
2025-11-19 22:45:41,992 [INFO] Concluído 2023053683.pdf (588/3237)
2025-11-19 22:45:41,992 [INFO] Concluído 2023055351.pdf (589/3237)
2025-11-19 22:45:41,992 [INFO] Concluído 2023052141.pdf (590/3237)
2025-11-19 22:45:41,993 [INFO] Concluído 2023053802.pdf (591/3237)
2025-11-19 22:45:41,993 [INFO] Concluído 2023056356.pdf (592/3237)
2025-11-19 22:45:41,993 [INFO] Concluído 2023053224.pdf (593/3237)
2025-11-19 22:45:41,993 [INFO] Concluído 2023052168.pdf (594/3237)
2025-11-19 22:45:41,993 [INFO] Concluído 2023051807.pdf (595/3237)
2025-11-19 22:45:41,994 [INFO] Concluído 2023053304.pdf (596/3237)
2025-11-19 22:45:41,994 [INFO] Concluído 2023058044.pdf (597/3237)
2025-11-19 22:45:41,994 [INFO] Concluído 2023053722.pdf (598/3237)
2025-11-19 22:45:41,994 [INFO] Concluído 2023047271.pdf (599/3237)
2025-11-19 22:45:41,994 [INFO] Concluído 2023058270.pdf (600/3237)
2025-11-19 22:46:01,181 [INFO] Checkpoint salvo (600 registros no total).
2025-11-19 22:46:01,182 [INFO] Concluído 2023053503.pdf (601/3237)
2025-11-19 22:46:01,182 [INFO] Concluído 2023060998.pdf (602/3237)
2025-11-19 22:46:01,183 [INFO] Concluído 2023056410.pdf (603/3237)
2025-11-19 22:46:01,183 [INFO] Concluído 2023051227.pdf (604/3237)
2025-11-19 22:46:01,184 [INFO] Concluído 2023053407.pdf (605/3237)
2025-11-19 22:46:01,184 [INFO] Concluído 2023059990.pdf (606/3237)
2025-11-19 22:46:01,184 [INFO] Concluído 2023053667.pdf (607/3237)
2025-11-19 22:46:01,184 [INFO] Concluído 2023059318.pdf (608/3237)
2025-11-19 22:46:01,184 [INFO] Concluído 2023051770.pdf (609/3237)
2025-11-19 22:46:01,185 [INFO] Concluído 2023058116.pdf (610/3237)
2025-11-19 22:46:01,185 [INFO] Concluído 2023061013.pdf (611/3237)
2025-11-19 22:46:01,185 [INFO] Concluído 2023061064.pdf (612/3237)
2025-11-19 22:46:01,185 [INFO] Concluído 2023060980.pdf (613/3237)
2025-11-19 22:46:01,186 [INFO] Concluído 2023062952.pdf (614/3237)
2025-11-19 22:46:01,186 [INFO] Concluído 2023061056.pdf (615/3237)
2025-11-19 22:46:01,186 [INFO] Concluído 2023062969.pdf (616/3237)
2025-11-19 22:46:01,186 [INFO] Concluído 2023061048.pdf (617/3237)
2025-11-19 22:46:01,187 [INFO] Concluído 2023063038.pdf (618/3237)
2025-11-19 22:46:01,187 [INFO] Concluído 2023062741.pdf (619/3237)
2025-11-19 22:46:01,187 [INFO] Concluído 2023057285.pdf (620/3237)
2025-11-19 22:46:01,187 [INFO] Concluído 2023061021.pdf (621/3237)
2025-11-19 22:46:01,187 [INFO] Concluído 2023061169.pdf (622/3237)
2025-11-19 22:46:01,187 [INFO] Concluído 20230552141.pdf (623/3237)
2025-11-19 22:46:01,188 [INFO] Concluído 2023062065.pdf (624/3237)
2025-11-19 22:46:01,188 [INFO] Concluído 2023055214.pdf (625/3237)
2025-11-19 22:46:21,811 [INFO] Checkpoint salvo (625 registros no total).
2025-11-19 22:46:21,811 [INFO] Concluído 2023062145.pdf (626/3237)
2025-11-19 22:46:21,811 [INFO] Concluído 2023066296.pdf (627/3237)
2025-11-19 22:46:21,812 [INFO] Concluído 2023062073.pdf (628/3237)
2025-11-19 22:46:21,812 [INFO] Concluído 2023056401.pdf (629/3237)
2025-11-19 22:46:21,812 [INFO] Concluído 2023065927.pdf (630/3237)
2025-11-19 22:46:21,812 [INFO] Concluído 2023063958.pdf (631/3237)
2025-11-19 22:46:21,812 [INFO] Concluído 2023066288.pdf (632/3237)
2025-11-19 22:46:21,814 [INFO] Concluído 2023064854.pdf (633/3237)
2025-11-19 22:46:21,814 [INFO] Concluído 2023062240.pdf (634/3237)
2025-11-19 22:46:21,814 [INFO] Concluído 2023062426.pdf (635/3237)
2025-11-19 22:46:21,814 [INFO] Concluído 2023066190.pdf (636/3237)
2025-11-19 22:46:21,814 [INFO] Concluído 2023064014.pdf (637/3237)
2025-11-19 22:46:21,815 [INFO] Concluído 2023067131.pdf (638/3237)
2025-11-19 22:46:21,815 [INFO] Concluído 2023065734.pdf (639/3237)
2025-11-19 22:46:21,815 [INFO] Concluído 2023062418.pdf (640/3237)
2025-11-19 22:46:21,815 [INFO] Concluído 2023067053.pdf (641/3237)
2025-11-19 22:46:21,816 [INFO] Concluído 2023069528.pdf (642/3237)
2025-11-19 22:46:21,816 [INFO] Concluído 2023067756.pdf (643/3237)
2025-11-19 22:46:21,816 [INFO] Concluído 2023066307.pdf (644/3237)
2025-11-19 22:46:21,816 [INFO] Concluído 2023069510.pdf (645/3237)
2025-11-19 22:46:21,816 [INFO] Concluído 2023069577.pdf (646/3237)
2025-11-19 22:46:21,817 [INFO] Concluído 2023069788.pdf (647/3237)
2025-11-19 22:46:21,817 [INFO] Concluído 2023068322.pdf (648/3237)
2025-11-19 22:46:21,817 [INFO] Concluído 2023069796.pdf (649/3237)
2025-11-19 22:46:21,817 [INFO] Concluído 2023069544.pdf (650/3237)
2025-11-19 22:46:42,616 [INFO] Checkpoint salvo (650 registros no total).
2025-11-19 22:46:42,617 [INFO] Concluído 2023068576.pdf (651/3237)
2025-11-19 22:46:42,617 [INFO] Concluído 2023069114.pdf (652/3237)
2025-11-19 22:46:42,617 [INFO] Concluído 2023068275.pdf (653/3237)
2025-11-19 22:46:42,617 [INFO] Concluído 2023065515.pdf (654/3237)
2025-11-19 22:46:42,618 [INFO] Concluído 2023066500.pdf (655/3237)
2025-11-19 22:46:42,618 [INFO] Concluído 2023070741.pdf (656/3237)
2025-11-19 22:46:42,618 [INFO] Concluído 2023071222.pdf (657/3237)
2025-11-19 22:46:42,618 [INFO] Concluído 2023071693.pdf (658/3237)
2025-11-19 22:46:42,618 [INFO] Concluído 2023070602.pdf (659/3237)
2025-11-19 22:46:42,618 [INFO] Concluído 2023073679.pdf (660/3237)
2025-11-19 22:46:42,618 [INFO] Concluído 2023071450.pdf (661/3237)
2025-11-19 22:46:42,618 [INFO] Concluído 2023071441.pdf (662/3237)
2025-11-19 22:46:42,619 [INFO] Concluído 2023071484.pdf (663/3237)
2025-11-19 22:46:42,619 [INFO] Concluído 2023067869.pdf (664/3237)
2025-11-19 22:46:42,619 [INFO] Concluído 2023071239.pdf (665/3237)
2025-11-19 22:46:42,619 [INFO] Concluído 2023071247.pdf (666/3237)
2025-11-19 22:46:42,620 [INFO] Concluído 2023071982.pdf (667/3237)
2025-11-19 22:46:42,620 [INFO] Concluído 2023073488.pdf (668/3237)
2025-11-19 22:46:42,620 [INFO] Concluído 2023071492.pdf (669/3237)
2025-11-19 22:46:42,620 [INFO] Concluído 2023072758.pdf (670/3237)
2025-11-19 22:46:42,620 [INFO] Concluído 2023076195.pdf (671/3237)
2025-11-19 22:46:42,620 [INFO] Concluído 2023071468.pdf (672/3237)
2025-11-19 22:46:42,621 [INFO] Concluído 2023073718.pdf (673/3237)
2025-11-19 22:46:42,621 [INFO] Concluído 2023067578.pdf (674/3237)
2025-11-19 22:46:42,621 [INFO] Concluído 2023078027.pdf (675/3237)
2025-11-19 22:47:04,985 [INFO] Checkpoint salvo (675 registros no total).
2025-11-19 22:47:04,985 [INFO] Concluído 2023072590.pdf (676/3237)
2025-11-19 22:47:04,985 [INFO] Concluído 2023078176.pdf (677/3237)
2025-11-19 22:47:04,986 [INFO] Concluído 2023076533.pdf (678/3237)
2025-11-19 22:47:04,986 [INFO] Concluído 2023073172.pdf (679/3237)
2025-11-19 22:47:04,986 [INFO] Concluído 2023078043.pdf (680/3237)
2025-11-19 22:47:04,986 [INFO] Concluído 2023078184.pdf (681/3237)
2025-11-19 22:47:04,987 [INFO] Concluído 2023078205.pdf (682/3237)
2025-11-19 22:47:04,987 [INFO] Concluído 2023076541.pdf (683/3237)
2025-11-19 22:47:04,987 [INFO] Concluído 2023068533.pdf (684/3237)
2025-11-19 22:47:04,987 [INFO] Concluído 2023078481.pdf (685/3237)
2025-11-19 22:47:04,987 [INFO] Concluído 2023074876.pdf (686/3237)
2025-11-19 22:47:04,988 [INFO] Concluído 2023079193.pdf (687/3237)
2025-11-19 22:47:04,988 [INFO] Concluído 2023079894.pdf (688/3237)
2025-11-19 22:47:04,988 [INFO] Concluído 2023077448.pdf (689/3237)
2025-11-19 22:47:04,989 [INFO] Concluído 2023079968.pdf (690/3237)
2025-11-19 22:47:04,989 [INFO] Concluído 2023078449.pdf (691/3237)
2025-11-19 22:47:04,989 [INFO] Concluído 2023078297.pdf (692/3237)
2025-11-19 22:47:04,989 [INFO] Concluído 2023081485.pdf (693/3237)
2025-11-19 22:47:04,989 [INFO] Concluído 2023077067.pdf (694/3237)
2025-11-19 22:47:04,989 [INFO] Concluído 2023080054.pdf (695/3237)
2025-11-19 22:47:04,990 [INFO] Concluído 2023081428.pdf (696/3237)
2025-11-19 22:47:04,990 [INFO] Concluído 2023082357.pdf (697/3237)
2025-11-19 22:47:04,990 [INFO] Concluído 2023082429.pdf (698/3237)
2025-11-19 22:47:04,990 [INFO] Concluído 2023082599.pdf (699/3237)
2025-11-19 22:47:04,990 [INFO] Concluído 2023080484.pdf (700/3237)
2025-11-19 22:47:26,937 [INFO] Checkpoint salvo (700 registros no total).
2025-11-19 22:47:26,937 [INFO] Concluído 2023081321.pdf (701/3237)
2025-11-19 22:47:26,938 [INFO] Concluído 2023083124.pdf (702/3237)
2025-11-19 22:47:26,938 [INFO] Concluído 2023082654.pdf (703/3237)
2025-11-19 22:47:26,938 [INFO] Concluído 2023058093.pdf (704/3237)
2025-11-19 22:47:26,938 [INFO] Concluído 2023082041.pdf (705/3237)
2025-11-19 22:47:26,938 [INFO] Concluído 2023082742.pdf (706/3237)
2025-11-19 22:47:26,938 [INFO] Concluído 2023083358.pdf (707/3237)
2025-11-19 22:47:26,939 [INFO] Concluído 2023083165.pdf (708/3237)
2025-11-19 22:47:26,939 [INFO] Concluído 2023082611.pdf (709/3237)
2025-11-19 22:47:26,939 [INFO] Concluído 2023083212.pdf (710/3237)
2025-11-19 22:47:26,939 [INFO] Concluído 2023082638.pdf (711/3237)
2025-11-19 22:47:26,939 [INFO] Concluído 2023084730.pdf (712/3237)
2025-11-19 22:47:26,939 [INFO] Concluído 2023083727.pdf (713/3237)
2025-11-19 22:47:26,940 [INFO] Concluído 2023083366.pdf (714/3237)
2025-11-19 22:47:26,940 [INFO] Concluído 2023082679.pdf (715/3237)
2025-11-19 22:47:26,940 [INFO] Concluído 2023084705.pdf (716/3237)
2025-11-19 22:47:26,940 [INFO] Concluído 2023073847.pdf (717/3237)
2025-11-19 22:47:26,940 [INFO] Concluído 2023085275.pdf (718/3237)
2025-11-19 22:47:26,940 [INFO] Concluído 2023068541.pdf (719/3237)
2025-11-19 22:47:26,941 [INFO] Concluído 2023085099.pdf (720/3237)
2025-11-19 22:47:26,941 [INFO] Concluído 20230852751.pdf (721/3237)
2025-11-19 22:47:26,941 [INFO] Concluído 2023086823.pdf (722/3237)
2025-11-19 22:47:26,941 [INFO] Concluído 2023078035.pdf (723/3237)
2025-11-19 22:47:26,941 [INFO] Concluído 2023086858.pdf (724/3237)
2025-11-19 22:47:26,941 [INFO] Concluído 2023069761.pdf (725/3237)
2025-11-19 22:47:49,757 [INFO] Checkpoint salvo (725 registros no total).
2025-11-19 22:47:49,757 [INFO] Concluído 2023084801.pdf (726/3237)
2025-11-19 22:47:49,757 [INFO] Concluído 2023084828.pdf (727/3237)
2025-11-19 22:47:49,757 [INFO] Concluído 2023084844.pdf (728/3237)
2025-11-19 22:47:49,758 [INFO] Concluído 2023084877.pdf (729/3237)
2025-11-19 22:47:49,758 [INFO] Concluído 2023086552.pdf (730/3237)
2025-11-19 22:47:49,758 [INFO] Concluído 2023084924.pdf (731/3237)
2025-11-19 22:47:49,758 [INFO] Concluído 2023086938.pdf (732/3237)
2025-11-19 22:47:49,758 [INFO] Concluído 2023088208.pdf (733/3237)
2025-11-19 22:47:49,759 [INFO] Concluído 2023087230.pdf (734/3237)
2025-11-19 22:47:49,759 [INFO] Concluído 2023086585.pdf (735/3237)
2025-11-19 22:47:49,759 [INFO] Concluído 2023084908.pdf (736/3237)
2025-11-19 22:47:49,759 [INFO] Concluído 2023080589.pdf (737/3237)
2025-11-19 22:47:49,759 [INFO] Concluído 2023085031.pdf (738/3237)
2025-11-19 22:47:49,759 [INFO] Concluído 2023086593.pdf (739/3237)
2025-11-19 22:47:49,759 [INFO] Concluído 2023087393.pdf (740/3237)
2025-11-19 22:47:49,760 [INFO] Concluído 2023085259.pdf (741/3237)
2025-11-19 22:47:49,760 [INFO] Concluído 2023084973.pdf (742/3237)
2025-11-19 22:47:49,760 [INFO] Concluído 2023088290.pdf (743/3237)
2025-11-19 22:47:49,760 [INFO] Concluído 2023088353.pdf (744/3237)
2025-11-19 22:47:49,760 [INFO] Concluído 2023088722.pdf (745/3237)
2025-11-19 22:47:49,760 [INFO] Concluído 2023088396.pdf (746/3237)
2025-11-19 22:47:49,761 [INFO] Concluído 2023090603.pdf (747/3237)
2025-11-19 22:47:49,761 [INFO] Concluído 2023088925.pdf (748/3237)
2025-11-19 22:47:49,761 [INFO] Concluído 2023089475.pdf (749/3237)
2025-11-19 22:47:49,761 [INFO] Concluído 2023090599.pdf (750/3237)
2025-11-19 22:48:14,158 [INFO] Checkpoint salvo (750 registros no total).
2025-11-19 22:48:14,158 [INFO] Concluído 2023090515.pdf (751/3237)
2025-11-19 22:48:14,158 [INFO] Concluído 2023088216.pdf (752/3237)
2025-11-19 22:48:14,158 [INFO] Concluído 2023090695.pdf (753/3237)
2025-11-19 22:48:14,159 [INFO] Concluído 2023090700.pdf (754/3237)
2025-11-19 22:48:14,159 [INFO] Concluído 2023090951.pdf (755/3237)
2025-11-19 22:48:14,160 [INFO] Concluído 2023091905.pdf (756/3237)
2025-11-19 22:48:14,160 [INFO] Concluído 2023090687.pdf (757/3237)
2025-11-19 22:48:14,160 [INFO] Concluído 2023092713.pdf (758/3237)
2025-11-19 22:48:14,160 [INFO] Concluído 2023092287.pdf (759/3237)
2025-11-19 22:48:14,160 [INFO] Concluído 2023088941.pdf (760/3237)
2025-11-19 22:48:14,161 [INFO] Concluído 2023090935.pdf (761/3237)
2025-11-19 22:48:14,161 [INFO] Concluído 2023087762.pdf (762/3237)
2025-11-19 22:48:14,161 [INFO] Concluído 2023095256.pdf (763/3237)
2025-11-19 22:48:14,161 [INFO] Concluído 2023094745.pdf (764/3237)
2025-11-19 22:48:14,161 [INFO] Concluído 2023089539.pdf (765/3237)
2025-11-19 22:48:14,161 [INFO] Concluído 2023093605.pdf (766/3237)
2025-11-19 22:48:14,161 [INFO] Concluído 2023095795.pdf (767/3237)
2025-11-19 22:48:14,162 [INFO] Concluído 2023095596.pdf (768/3237)
2025-11-19 22:48:14,162 [INFO] Concluído 2023095457.pdf (769/3237)
2025-11-19 22:48:14,162 [INFO] Concluído 2023093613.pdf (770/3237)
2025-11-19 22:48:14,162 [INFO] Concluído 2023095027.pdf (771/3237)
2025-11-19 22:48:14,162 [INFO] Concluído 2023095906.pdf (772/3237)
2025-11-19 22:48:14,162 [INFO] Concluído 2023096329.pdf (773/3237)
2025-11-19 22:48:14,162 [INFO] Concluído 2023095051.pdf (774/3237)
2025-11-19 22:48:14,163 [INFO] Concluído 2023094219.pdf (775/3237)
2025-11-19 22:48:38,215 [INFO] Checkpoint salvo (775 registros no total).
2025-11-19 22:48:38,216 [INFO] Concluído 2023093672.pdf (776/3237)
2025-11-19 22:48:38,216 [INFO] Concluído 2023095465.pdf (777/3237)
2025-11-19 22:48:38,217 [INFO] Concluído 2023096353.pdf (778/3237)
2025-11-19 22:48:38,217 [INFO] Concluído 2023097112.pdf (779/3237)
2025-11-19 22:48:38,217 [INFO] Concluído 2023100048.pdf (780/3237)
2025-11-19 22:48:38,217 [INFO] Concluído 2023100466.pdf (781/3237)
2025-11-19 22:48:38,218 [INFO] Concluído 2023098812.pdf (782/3237)
2025-11-19 22:48:38,218 [INFO] Concluído 2023097129.pdf (783/3237)
2025-11-19 22:48:38,218 [INFO] Concluído 2023100290.pdf (784/3237)
2025-11-19 22:48:38,218 [INFO] Concluído 2023097137.pdf (785/3237)
2025-11-19 22:48:38,218 [INFO] Concluído 2023100144.pdf (786/3237)
2025-11-19 22:48:38,218 [INFO] Concluído 2023100933.pdf (787/3237)
2025-11-19 22:48:38,218 [INFO] Concluído 20231009331.pdf (788/3237)
2025-11-19 22:48:38,219 [INFO] Concluído 2023099846.pdf (789/3237)
2025-11-19 22:48:38,219 [INFO] Concluído 2023101215.pdf (790/3237)
2025-11-19 22:48:38,219 [INFO] Concluído 2023081313.pdf (791/3237)
2025-11-19 22:48:38,219 [INFO] Concluído 2023099305.pdf (792/3237)
2025-11-19 22:48:38,219 [INFO] Concluído 2023091930.pdf (793/3237)
2025-11-19 22:48:38,220 [INFO] Concluído 2023101266.pdf (794/3237)
2025-11-19 22:48:38,220 [INFO] Concluído 2023098263.pdf (795/3237)
2025-11-19 22:48:38,220 [INFO] Concluído 2023101379.pdf (796/3237)
2025-11-19 22:48:38,220 [INFO] Concluído 2023101651.pdf (797/3237)
2025-11-19 22:48:38,220 [INFO] Concluído 2023101660.pdf (798/3237)
2025-11-19 22:48:38,221 [INFO] Concluído 2023101395.pdf (799/3237)
2025-11-19 22:48:38,221 [INFO] Concluído 2023101750.pdf (800/3237)
2025-11-19 22:48:58,880 [INFO] Checkpoint salvo (800 registros no total).
2025-11-19 22:48:58,881 [INFO] Concluído 2023101137.pdf (801/3237)
2025-11-19 22:48:58,881 [INFO] Concluído 2023101725.pdf (802/3237)
2025-11-19 22:48:58,881 [INFO] Concluído 2023101821.pdf (803/3237)
2025-11-19 22:48:58,881 [INFO] Concluído 2023101602.pdf (804/3237)
2025-11-19 22:48:58,882 [INFO] Concluído 2023101627.pdf (805/3237)
2025-11-19 22:48:58,882 [INFO] Concluído 2023101299.pdf (806/3237)
2025-11-19 22:48:58,882 [INFO] Concluído 2023101864.pdf (807/3237)
2025-11-19 22:48:58,883 [INFO] Concluído 2023101686.pdf (808/3237)
2025-11-19 22:48:58,883 [INFO] Concluído 2023101872.pdf (809/3237)
2025-11-19 22:48:58,883 [INFO] Concluído 2023092836.pdf (810/3237)
2025-11-19 22:48:58,883 [INFO] Concluído 2023100089.pdf (811/3237)
2025-11-19 22:48:58,884 [INFO] Concluído 2023091989.pdf (812/3237)
2025-11-19 22:48:58,884 [INFO] Concluído 2023103688.pdf (813/3237)
2025-11-19 22:48:58,884 [INFO] Concluído 2023102360.pdf (814/3237)
2025-11-19 22:48:58,884 [INFO] Concluído 2023103846.pdf (815/3237)
2025-11-19 22:48:58,885 [INFO] Concluído 2023103854.pdf (816/3237)
2025-11-19 22:48:58,885 [INFO] Concluído 2023103590.pdf (817/3237)
2025-11-19 22:48:58,885 [INFO] Concluído 2023106836.pdf (818/3237)
2025-11-19 22:48:58,885 [INFO] Concluído 2023103696.pdf (819/3237)
2025-11-19 22:48:58,885 [INFO] Concluído 2023106037.pdf (820/3237)
2025-11-19 22:48:58,886 [INFO] Concluído 2023106053.pdf (821/3237)
2025-11-19 22:48:58,886 [INFO] Concluído 2023106012.pdf (822/3237)
2025-11-19 22:48:58,886 [INFO] Concluído 2023104488.pdf (823/3237)
2025-11-19 22:48:58,886 [INFO] Concluído 2023108569.pdf (824/3237)
2025-11-19 22:48:58,887 [INFO] Concluído 2023108585.pdf (825/3237)
2025-11-19 22:48:59,847 [INFO] Checkpoint salvo (825 registros no total).
2025-11-19 22:48:59,848 [INFO] Concluído 2023104847.pdf (826/3237)
2025-11-19 22:48:59,849 [INFO] Concluído 2023106070.pdf (827/3237)
2025-11-19 22:48:59,849 [INFO] Concluído 2023091420.pdf (828/3237)
2025-11-19 22:48:59,850 [INFO] Concluído 2023106692.pdf (829/3237)
2025-11-19 22:48:59,850 [INFO] Concluído 2023106932.pdf (830/3237)
2025-11-19 22:48:59,850 [INFO] Concluído 2023110055.pdf (831/3237)
2025-11-19 22:48:59,850 [INFO] Concluído 2023109939.pdf (832/3237)
2025-11-19 22:48:59,851 [INFO] Concluído 2023109891.pdf (833/3237)
2025-11-19 22:48:59,851 [INFO] Concluído 2023110127.pdf (834/3237)
2025-11-19 22:48:59,851 [INFO] Concluído 2023111076.pdf (835/3237)
2025-11-19 22:48:59,851 [INFO] Concluído 2023112044.pdf (836/3237)
2025-11-19 22:48:59,851 [INFO] Concluído 2023111105.pdf (837/3237)
2025-11-19 22:48:59,852 [INFO] Concluído 2023113246.pdf (838/3237)
2025-11-19 22:48:59,852 [INFO] Concluído 2023112698.pdf (839/3237)
2025-11-19 22:48:59,852 [INFO] Concluído 2023113318.pdf (840/3237)
2025-11-19 22:48:59,853 [INFO] Concluído 2023110926.pdf (841/3237)
2025-11-19 22:48:59,853 [INFO] Concluído 2023113367.pdf (842/3237)
2025-11-19 22:48:59,853 [INFO] Concluído 2023091479.pdf (843/3237)
2025-11-19 22:48:59,853 [INFO] Concluído 2023111172.pdf (844/3237)
2025-11-19 22:48:59,854 [INFO] Concluído 20230914791.pdf (845/3237)
2025-11-19 22:48:59,854 [INFO] Concluído 2023113326.pdf (846/3237)
2025-11-19 22:48:59,854 [INFO] Concluído 2023114550.pdf (847/3237)
2025-11-19 22:48:59,855 [INFO] Concluído 2023114576.pdf (848/3237)
2025-11-19 22:48:59,855 [INFO] Concluído 20231145761.pdf (849/3237)
2025-11-19 22:48:59,855 [INFO] Concluído 2023113375.pdf (850/3237)
2025-11-19 22:49:01,293 [INFO] Checkpoint salvo (850 registros no total).
2025-11-19 22:49:01,294 [INFO] Concluído 2023113383.pdf (851/3237)
2025-11-19 22:49:01,295 [INFO] Concluído 2023090507.pdf (852/3237)
2025-11-19 22:49:01,295 [INFO] Concluído 2023115000.pdf (853/3237)
2025-11-19 22:49:01,295 [INFO] Concluído 2023114832.pdf (854/3237)
2025-11-19 22:49:01,295 [INFO] Concluído 2023104041.pdf (855/3237)
2025-11-19 22:49:01,296 [INFO] Concluído 2023114953.pdf (856/3237)
2025-11-19 22:49:01,296 [INFO] Concluído 2023112876.pdf (857/3237)
2025-11-19 22:49:01,296 [INFO] Concluído 2023114996.pdf (858/3237)
2025-11-19 22:49:01,296 [INFO] Concluído 2023108874.pdf (859/3237)
2025-11-19 22:49:01,296 [INFO] Concluído 2023114460.pdf (860/3237)
2025-11-19 22:49:01,296 [INFO] Concluído 2023115325.pdf (861/3237)
2025-11-19 22:49:01,297 [INFO] Concluído 2023115333.pdf (862/3237)
2025-11-19 22:49:01,297 [INFO] Concluído 2023114648.pdf (863/3237)
2025-11-19 22:49:01,298 [INFO] Concluído 2023114937.pdf (864/3237)
2025-11-19 22:49:01,298 [INFO] Concluído 2023115448.pdf (865/3237)
2025-11-19 22:49:01,298 [INFO] Concluído 2023115405.pdf (866/3237)
2025-11-19 22:49:01,299 [INFO] Concluído 2023115430.pdf (867/3237)
2025-11-19 22:49:01,299 [INFO] Concluído 2023115489.pdf (868/3237)
2025-11-19 22:49:01,299 [INFO] Concluído 2023115552.pdf (869/3237)
2025-11-19 22:49:01,300 [INFO] Concluído 2023115392.pdf (870/3237)
2025-11-19 22:49:01,300 [INFO] Concluído 2023116297.pdf (871/3237)
2025-11-19 22:49:01,300 [INFO] Concluído 2023114710.pdf (872/3237)
2025-11-19 22:49:01,300 [INFO] Concluído 2023117968.pdf (873/3237)
2025-11-19 22:49:01,300 [INFO] Concluído 2023117992.pdf (874/3237)
2025-11-19 22:49:01,300 [INFO] Concluído 2023104068.pdf (875/3237)
2025-11-19 22:49:03,247 [INFO] Checkpoint salvo (875 registros no total).
2025-11-19 22:49:03,247 [INFO] Concluído 2023115350.pdf (876/3237)
2025-11-19 22:49:03,247 [INFO] Concluído 2023112817.pdf (877/3237)
2025-11-19 22:49:03,247 [INFO] Concluído 2023119888.pdf (878/3237)
2025-11-19 22:49:03,247 [INFO] Concluído 2023115577.pdf (879/3237)
2025-11-19 22:49:03,247 [INFO] Concluído 2023119669.pdf (880/3237)
2025-11-19 22:49:03,248 [INFO] Concluído 2023121916.pdf (881/3237)
2025-11-19 22:49:03,248 [INFO] Concluído 2023121045.pdf (882/3237)
2025-11-19 22:49:03,248 [INFO] Concluído 2023117423.pdf (883/3237)
2025-11-19 22:49:03,248 [INFO] Concluído 2023114605.pdf (884/3237)
2025-11-19 22:49:03,248 [INFO] Concluído 2023120567.pdf (885/3237)
2025-11-19 22:49:03,248 [INFO] Concluído 2023120403.pdf (886/3237)
2025-11-19 22:49:03,248 [INFO] Concluído 2023121502.pdf (887/3237)
2025-11-19 22:49:03,248 [INFO] Concluído 2023118952.pdf (888/3237)
2025-11-19 22:49:03,249 [INFO] Concluído 2023097231.pdf (889/3237)
2025-11-19 22:49:03,249 [INFO] Concluído 2023103918.pdf (890/3237)
2025-11-19 22:49:03,249 [INFO] Concluído 2023123260.pdf (891/3237)
2025-11-19 22:49:03,249 [INFO] Concluído 2023058132.pdf (892/3237)
2025-11-19 22:49:03,249 [INFO] Concluído 2023121609.pdf (893/3237)
2025-11-19 22:49:03,249 [INFO] Concluído 2023122179.pdf (894/3237)
2025-11-19 22:49:03,249 [INFO] Concluído 2023122218.pdf (895/3237)
2025-11-19 22:49:03,250 [INFO] Concluído 2023123083.pdf (896/3237)
2025-11-19 22:49:03,250 [INFO] Concluído 2023116256.pdf (897/3237)
2025-11-19 22:49:03,250 [INFO] Concluído 2023123392.pdf (898/3237)
2025-11-19 22:49:03,250 [INFO] Concluído 2023122234.pdf (899/3237)
2025-11-19 22:49:03,250 [INFO] Concluído 2023123501.pdf (900/3237)
2025-11-19 22:49:05,529 [INFO] Checkpoint salvo (900 registros no total).
2025-11-19 22:49:05,531 [INFO] Concluído 2023123456.pdf (901/3237)
2025-11-19 22:49:05,531 [INFO] Concluído 2023120778.pdf (902/3237)
2025-11-19 22:49:05,531 [INFO] Concluído 2023124176.pdf (903/3237)
2025-11-19 22:49:05,531 [INFO] Concluído 2023123987.pdf (904/3237)
2025-11-19 22:49:05,532 [INFO] Concluído 2023124473.pdf (905/3237)
2025-11-19 22:49:05,532 [INFO] Concluído 2023125177.pdf (906/3237)
2025-11-19 22:49:05,532 [INFO] Concluído 2023121203.pdf (907/3237)
2025-11-19 22:49:05,532 [INFO] Concluído 2023124457.pdf (908/3237)
2025-11-19 22:49:05,533 [INFO] Concluído 2023123528.pdf (909/3237)
2025-11-19 22:49:05,533 [INFO] Concluído 2023124545.pdf (910/3237)
2025-11-19 22:49:05,533 [INFO] Concluído 2023127425.pdf (911/3237)
2025-11-19 22:49:05,533 [INFO] Concluído 2023126741.pdf (912/3237)
2025-11-19 22:49:05,533 [INFO] Concluído 2023127118.pdf (913/3237)
2025-11-19 22:49:05,534 [INFO] Concluído 2023124109.pdf (914/3237)
2025-11-19 22:49:05,534 [INFO] Concluído 2023127845.pdf (915/3237)
2025-11-19 22:49:05,534 [INFO] Concluído 20231263621.pdf (916/3237)
2025-11-19 22:49:05,534 [INFO] Concluído 2023131075.pdf (917/3237)
2025-11-19 22:49:05,534 [INFO] Concluído 2023127351.pdf (918/3237)
2025-11-19 22:49:05,534 [INFO] Concluído 2023131122.pdf (919/3237)
2025-11-19 22:49:05,535 [INFO] Concluído 2023128549.pdf (920/3237)
2025-11-19 22:49:05,535 [INFO] Concluído 2023131649.pdf (921/3237)
2025-11-19 22:49:05,535 [INFO] Concluído 2023127601.pdf (922/3237)
2025-11-19 22:49:05,535 [INFO] Concluído 2023128774.pdf (923/3237)
2025-11-19 22:49:05,536 [INFO] Concluído 2023130605.pdf (924/3237)
2025-11-19 22:49:05,536 [INFO] Concluído 2023131171.pdf (925/3237)
2025-11-19 22:49:08,597 [INFO] Checkpoint salvo (925 registros no total).
2025-11-19 22:49:08,598 [INFO] Concluído 2023133013.pdf (926/3237)
2025-11-19 22:49:08,598 [INFO] Concluído 2023126362.pdf (927/3237)
2025-11-19 22:49:08,598 [INFO] Concluído 2023131430.pdf (928/3237)
2025-11-19 22:49:08,598 [INFO] Concluído 2023131665.pdf (929/3237)
2025-11-19 22:49:08,598 [INFO] Concluído 2023135343.pdf (930/3237)
2025-11-19 22:49:08,599 [INFO] Concluído 2023132051.pdf (931/3237)
2025-11-19 22:49:08,599 [INFO] Concluído 2023134483.pdf (932/3237)
2025-11-19 22:49:08,600 [INFO] Concluído 2023132141.pdf (933/3237)
2025-11-19 22:49:08,600 [INFO] Concluído 2023136723.pdf (934/3237)
2025-11-19 22:49:08,601 [INFO] Concluído 2023134467.pdf (935/3237)
2025-11-19 22:49:08,601 [INFO] Concluído 2023133755.pdf (936/3237)
2025-11-19 22:49:08,601 [INFO] Concluído 20231361272.pdf (937/3237)
2025-11-19 22:49:08,601 [INFO] Concluído 2023136127.pdf (938/3237)
2025-11-19 22:49:08,601 [INFO] Concluído 2023136942.pdf (939/3237)
2025-11-19 22:49:08,602 [INFO] Concluído 20231361271.pdf (940/3237)
2025-11-19 22:49:08,602 [INFO] Concluído 2023134459.pdf (941/3237)
2025-11-19 22:49:08,602 [INFO] Concluído 2023137210.pdf (942/3237)
2025-11-19 22:49:08,602 [INFO] Concluído 2023128389.pdf (943/3237)
2025-11-19 22:49:08,602 [INFO] Concluído 2023128268.pdf (944/3237)
2025-11-19 22:49:08,602 [INFO] Concluído 2023136854.pdf (945/3237)
2025-11-19 22:49:08,603 [INFO] Concluído 2023131317.pdf (946/3237)
2025-11-19 22:49:08,603 [INFO] Concluído 2023127677.pdf (947/3237)
2025-11-19 22:49:08,603 [INFO] Concluído 2023138606.pdf (948/3237)
2025-11-19 22:49:08,603 [INFO] Concluído 2023136887.pdf (949/3237)
2025-11-19 22:49:08,603 [INFO] Concluído 2023139480.pdf (950/3237)
2025-11-19 22:49:12,181 [INFO] Checkpoint salvo (950 registros no total).
2025-11-19 22:49:12,182 [INFO] Concluído 2023139519.pdf (951/3237)
2025-11-19 22:49:12,183 [INFO] Concluído 2023139203.pdf (952/3237)
2025-11-19 22:49:12,183 [INFO] Concluído 2023140086.pdf (953/3237)
2025-11-19 22:49:12,184 [INFO] Concluído 2023141407.pdf (954/3237)
2025-11-19 22:49:12,184 [INFO] Concluído 2023139836.pdf (955/3237)
2025-11-19 22:49:12,184 [INFO] Concluído 2023140117.pdf (956/3237)
2025-11-19 22:49:12,184 [INFO] Concluído 2023137791.pdf (957/3237)
2025-11-19 22:49:12,185 [INFO] Concluído 2023137855.pdf (958/3237)
2025-11-19 22:49:12,185 [INFO] Concluído 2023091964.pdf (959/3237)
2025-11-19 22:49:12,185 [INFO] Concluído 2023141185.pdf (960/3237)
2025-11-19 22:49:12,185 [INFO] Concluído 2023139713.pdf (961/3237)
2025-11-19 22:49:12,185 [INFO] Concluído 2023135038.pdf (962/3237)
2025-11-19 22:49:12,186 [INFO] Concluído 2023139973.pdf (963/3237)
2025-11-19 22:49:12,186 [INFO] Concluído 2023143773.pdf (964/3237)
2025-11-19 22:49:12,186 [INFO] Concluído 2023143829.pdf (965/3237)
2025-11-19 22:49:12,187 [INFO] Concluído 2023135054.pdf (966/3237)
2025-11-19 22:49:12,187 [INFO] Concluído 2023143685.pdf (967/3237)
2025-11-19 22:49:12,187 [INFO] Concluído 2023143853.pdf (968/3237)
2025-11-19 22:49:12,187 [INFO] Concluído 2023143888.pdf (969/3237)
2025-11-19 22:49:12,188 [INFO] Concluído 2023141925.pdf (970/3237)
2025-11-19 22:49:12,188 [INFO] Concluído 2023142104.pdf (971/3237)
2025-11-19 22:49:12,188 [INFO] Concluído 2023103926.pdf (972/3237)
2025-11-19 22:49:12,188 [INFO] Concluído 2023143974.pdf (973/3237)
2025-11-19 22:49:12,188 [INFO] Concluído 2023143982.pdf (974/3237)
2025-11-19 22:49:12,188 [INFO] Concluído 2023144055.pdf (975/3237)
2025-11-19 22:49:16,419 [INFO] Checkpoint salvo (975 registros no total).
2025-11-19 22:49:16,419 [INFO] Concluído 2023142910.pdf (976/3237)
2025-11-19 22:49:16,420 [INFO] Concluído 2023140658.pdf (977/3237)
2025-11-19 22:49:16,420 [INFO] Concluído 2023144022.pdf (978/3237)
2025-11-19 22:49:16,420 [INFO] Concluído 2023144006.pdf (979/3237)
2025-11-19 22:49:16,420 [INFO] Concluído 2023144356.pdf (980/3237)
2025-11-19 22:49:16,420 [INFO] Concluído 2023144653.pdf (981/3237)
2025-11-19 22:49:16,421 [INFO] Concluído 2023145025.pdf (982/3237)
2025-11-19 22:49:16,421 [INFO] Concluído 2023144637.pdf (983/3237)
2025-11-19 22:49:16,421 [INFO] Concluído 2023141917.pdf (984/3237)
2025-11-19 22:49:16,421 [INFO] Concluído 2023145017.pdf (985/3237)
2025-11-19 22:49:16,421 [INFO] Concluído 2023140150.pdf (986/3237)
2025-11-19 22:49:16,421 [INFO] Concluído 2023144292.pdf (987/3237)
2025-11-19 22:49:16,421 [INFO] Concluído 2023126944.pdf (988/3237)
2025-11-19 22:49:16,422 [INFO] Concluído 2023141626.pdf (989/3237)
2025-11-19 22:49:16,422 [INFO] Concluído 2023144014.pdf (990/3237)
2025-11-19 22:49:16,422 [INFO] Concluído 20231416261.pdf (991/3237)
2025-11-19 22:49:16,422 [INFO] Concluído 2023141909.pdf (992/3237)
2025-11-19 22:49:16,422 [INFO] Concluído 2023144071.pdf (993/3237)
2025-11-19 22:49:16,422 [INFO] Concluído 2023130494.pdf (994/3237)
2025-11-19 22:49:16,423 [INFO] Concluído 2023144372.pdf (995/3237)
2025-11-19 22:49:16,423 [INFO] Concluído 2023146323.pdf (996/3237)
2025-11-19 22:49:16,423 [INFO] Concluído 2023145978.pdf (997/3237)
2025-11-19 22:49:16,423 [INFO] Concluído 2023144389.pdf (998/3237)
2025-11-19 22:49:16,423 [INFO] Concluído 2023146340.pdf (999/3237)
2025-11-19 22:49:16,424 [INFO] Concluído 2023146261.pdf (1000/3237)
2025-11-19 22:49:21,072 [INFO] Checkpoint salvo (1000 registros no total).
2025-11-19 22:49:21,072 [INFO] Concluído 2023140711.pdf (1001/3237)
2025-11-19 22:49:21,073 [INFO] Concluído 2023146403.pdf (1002/3237)
2025-11-19 22:49:21,073 [INFO] Concluído 2023146446.pdf (1003/3237)
2025-11-19 22:49:21,073 [INFO] Concluído 2023146420.pdf (1004/3237)
2025-11-19 22:49:21,073 [INFO] Concluído 2023147166.pdf (1005/3237)
2025-11-19 22:49:21,073 [INFO] Concluído 2023146001.pdf (1006/3237)
2025-11-19 22:49:21,074 [INFO] Concluído 2023145994.pdf (1007/3237)
2025-11-19 22:49:21,074 [INFO] Concluído 2023146366.pdf (1008/3237)
2025-11-19 22:49:21,074 [INFO] Concluído 2023146028.pdf (1009/3237)
2025-11-19 22:49:21,074 [INFO] Concluído 2023146010.pdf (1010/3237)
2025-11-19 22:49:21,074 [INFO] Concluído 2023147053.pdf (1011/3237)
2025-11-19 22:49:21,074 [INFO] Concluído 2023148824.pdf (1012/3237)
2025-11-19 22:49:21,075 [INFO] Concluído 2023147246.pdf (1013/3237)
2025-11-19 22:49:21,075 [INFO] Concluído 2023147422.pdf (1014/3237)
2025-11-19 22:49:21,075 [INFO] Concluído 2023146036.pdf (1015/3237)
2025-11-19 22:49:21,075 [INFO] Concluído 2023149681.pdf (1016/3237)
2025-11-19 22:49:21,076 [INFO] Concluído 2023144799.pdf (1017/3237)
2025-11-19 22:49:21,076 [INFO] Concluído 2023149026.pdf (1018/3237)
2025-11-19 22:49:21,076 [INFO] Concluído 2023149920.pdf (1019/3237)
2025-11-19 22:49:21,076 [INFO] Concluído 2023146760.pdf (1020/3237)
2025-11-19 22:49:21,076 [INFO] Concluído 2023148380.pdf (1021/3237)
2025-11-19 22:49:21,076 [INFO] Concluído 2023147391.pdf (1022/3237)
2025-11-19 22:49:21,077 [INFO] Concluído 2023150580.pdf (1023/3237)
2025-11-19 22:49:21,077 [INFO] Concluído 2023149899.pdf (1024/3237)
2025-11-19 22:49:21,077 [INFO] Concluído 2023150619.pdf (1025/3237)
2025-11-19 22:49:26,974 [INFO] Checkpoint salvo (1025 registros no total).
2025-11-19 22:49:26,974 [INFO] Concluído 2023152557.pdf (1026/3237)
2025-11-19 22:49:26,974 [INFO] Concluído 2023150598.pdf (1027/3237)
2025-11-19 22:49:26,974 [INFO] Concluído 2023152532.pdf (1028/3237)
2025-11-19 22:49:26,975 [INFO] Concluído 2023150660.pdf (1029/3237)
2025-11-19 22:49:26,975 [INFO] Concluído 2023152565.pdf (1030/3237)
2025-11-19 22:49:26,975 [INFO] Concluído 2023149823.pdf (1031/3237)
2025-11-19 22:49:26,975 [INFO] Concluído 2023152549.pdf (1032/3237)
2025-11-19 22:49:26,975 [INFO] Concluído 2023150627.pdf (1033/3237)
2025-11-19 22:49:26,976 [INFO] Concluído 2023151183.pdf (1034/3237)
2025-11-19 22:49:26,976 [INFO] Concluído 20231490751.pdf (1035/3237)
2025-11-19 22:49:26,976 [INFO] Concluído 2023153189.pdf (1036/3237)
2025-11-19 22:49:26,976 [INFO] Concluído 2023151724.pdf (1037/3237)
2025-11-19 22:49:26,976 [INFO] Concluído 2023153365.pdf (1038/3237)
2025-11-19 22:49:26,977 [INFO] Concluído 2023153252.pdf (1039/3237)
2025-11-19 22:49:26,977 [INFO] Concluído 2023152895.pdf (1040/3237)
2025-11-19 22:49:26,977 [INFO] Concluído 2023153156.pdf (1041/3237)
2025-11-19 22:49:26,977 [INFO] Concluído 2023149075.pdf (1042/3237)
2025-11-19 22:49:26,977 [INFO] Concluído 2023151425.pdf (1043/3237)
2025-11-19 22:49:26,977 [INFO] Concluído 2023153293.pdf (1044/3237)
2025-11-19 22:49:26,978 [INFO] Concluído 2023153839.pdf (1045/3237)
2025-11-19 22:49:26,978 [INFO] Concluído 2023151263.pdf (1046/3237)
2025-11-19 22:49:26,978 [INFO] Concluído 2023147359.pdf (1047/3237)
2025-11-19 22:49:26,978 [INFO] Concluído 2023154044.pdf (1048/3237)
2025-11-19 22:49:26,978 [INFO] Concluído 2023152766.pdf (1049/3237)
2025-11-19 22:49:26,978 [INFO] Concluído 20231527661.pdf (1050/3237)
2025-11-19 22:49:33,309 [INFO] Checkpoint salvo (1050 registros no total).
2025-11-19 22:49:33,311 [INFO] Concluído 202315276611.pdf (1051/3237)
2025-11-19 22:49:33,311 [INFO] Concluído 2023155414.pdf (1052/3237)
2025-11-19 22:49:33,312 [INFO] Concluído 2023154288.pdf (1053/3237)
2025-11-19 22:49:33,312 [INFO] Concluído 2023154245.pdf (1054/3237)
2025-11-19 22:49:33,312 [INFO] Concluído 2023155096.pdf (1055/3237)
2025-11-19 22:49:33,312 [INFO] Concluído 2023154727.pdf (1056/3237)
2025-11-19 22:49:33,313 [INFO] Concluído 2023154809.pdf (1057/3237)
2025-11-19 22:49:33,313 [INFO] Concluído 2023155115.pdf (1058/3237)
2025-11-19 22:49:33,313 [INFO] Concluído 2023155070.pdf (1059/3237)
2025-11-19 22:49:33,313 [INFO] Concluído 2023154366.pdf (1060/3237)
2025-11-19 22:49:33,313 [INFO] Concluído 2023155123.pdf (1061/3237)
2025-11-19 22:49:33,313 [INFO] Concluído 2023156613.pdf (1062/3237)
2025-11-19 22:49:33,314 [INFO] Concluído 2023157501.pdf (1063/3237)
2025-11-19 22:49:33,314 [INFO] Concluído 2023156873.pdf (1064/3237)
2025-11-19 22:49:33,314 [INFO] Concluído 2023157472.pdf (1065/3237)
2025-11-19 22:49:33,314 [INFO] Concluído 2023156322.pdf (1066/3237)
2025-11-19 22:49:33,315 [INFO] Concluído 2023158795.pdf (1067/3237)
2025-11-19 22:49:33,315 [INFO] Concluído 2023155705.pdf (1068/3237)
2025-11-19 22:49:33,315 [INFO] Concluído 2023159136.pdf (1069/3237)
2025-11-19 22:49:33,315 [INFO] Concluído 2023156066.pdf (1070/3237)
2025-11-19 22:49:33,315 [INFO] Concluído 20231475352.pdf (1071/3237)
2025-11-19 22:49:33,315 [INFO] Concluído 2023158133.pdf (1072/3237)
2025-11-19 22:49:33,316 [INFO] Concluído 2023147535.pdf (1073/3237)
2025-11-19 22:49:33,316 [INFO] Concluído 2023157376.pdf (1074/3237)
2025-11-19 22:49:33,316 [INFO] Concluído 2023157456.pdf (1075/3237)
2025-11-19 22:49:39,972 [INFO] Checkpoint salvo (1075 registros no total).
2025-11-19 22:49:39,973 [INFO] Concluído 2023160142.pdf (1076/3237)
2025-11-19 22:49:39,973 [INFO] Concluído 20231475351.pdf (1077/3237)
2025-11-19 22:49:39,974 [INFO] Concluído 2023155949.pdf (1078/3237)
2025-11-19 22:49:39,974 [INFO] Concluído 2023159396.pdf (1079/3237)
2025-11-19 22:49:39,975 [INFO] Concluído 2023160589.pdf (1080/3237)
2025-11-19 22:49:39,975 [INFO] Concluído 2023159933.pdf (1081/3237)
2025-11-19 22:49:39,975 [INFO] Concluído 2023153210.pdf (1082/3237)
2025-11-19 22:49:39,975 [INFO] Concluído 2023163964.pdf (1083/3237)
2025-11-19 22:49:39,976 [INFO] Concluído 20231599331.pdf (1084/3237)
2025-11-19 22:49:39,976 [INFO] Concluído 2023162734.pdf (1085/3237)
2025-11-19 22:49:39,976 [INFO] Concluído 2023156283.pdf (1086/3237)
2025-11-19 22:49:39,976 [INFO] Concluído 2023162902.pdf (1087/3237)
2025-11-19 22:49:39,977 [INFO] Concluído 2023164123.pdf (1088/3237)
2025-11-19 22:49:39,977 [INFO] Concluído 2023163044.pdf (1089/3237)
2025-11-19 22:49:39,977 [INFO] Concluído 2023167221.pdf (1090/3237)
2025-11-19 22:49:39,977 [INFO] Concluído 2023164924.pdf (1091/3237)
2025-11-19 22:49:39,977 [INFO] Concluído 2023167352.pdf (1092/3237)
2025-11-19 22:49:39,977 [INFO] Concluído 2023167336.pdf (1093/3237)
2025-11-19 22:49:39,978 [INFO] Concluído 2023170121.pdf (1094/3237)
2025-11-19 22:49:39,978 [INFO] Concluído 2023170156.pdf (1095/3237)
2025-11-19 22:49:39,978 [INFO] Concluído 2023170277.pdf (1096/3237)
2025-11-19 22:49:39,978 [INFO] Concluído 2023170228.pdf (1097/3237)
2025-11-19 22:49:39,978 [INFO] Concluído 2023108091.pdf (1098/3237)
2025-11-19 22:49:39,978 [INFO] Concluído 2023170236.pdf (1099/3237)
2025-11-19 22:49:39,979 [INFO] Concluído 2023170293.pdf (1100/3237)
2025-11-19 22:49:47,192 [INFO] Checkpoint salvo (1100 registros no total).
2025-11-19 22:49:47,193 [INFO] Concluído 2023168415.pdf (1101/3237)
2025-11-19 22:49:47,194 [INFO] Concluído 2023159722.pdf (1102/3237)
2025-11-19 22:49:47,195 [INFO] Concluído 2023172300.pdf (1103/3237)
2025-11-19 22:49:47,195 [INFO] Concluído 2023172166.pdf (1104/3237)
2025-11-19 22:49:47,195 [INFO] Concluído 2023165226.pdf (1105/3237)
2025-11-19 22:49:47,195 [INFO] Concluído 2023172199.pdf (1106/3237)
2025-11-19 22:49:47,195 [INFO] Concluído 2023165970.pdf (1107/3237)
2025-11-19 22:49:47,195 [INFO] Concluído 20231721991.pdf (1108/3237)
2025-11-19 22:49:47,196 [INFO] Concluído 2023170105.pdf (1109/3237)
2025-11-19 22:49:47,196 [INFO] Concluído 2023168886.pdf (1110/3237)
2025-11-19 22:49:47,196 [INFO] Concluído 2023174392.pdf (1111/3237)
2025-11-19 22:49:47,196 [INFO] Concluído 2023177346.pdf (1112/3237)
2025-11-19 22:49:47,196 [INFO] Concluído 2023173873.pdf (1113/3237)
2025-11-19 22:49:47,197 [INFO] Concluído 2023167738.pdf (1114/3237)
2025-11-19 22:49:47,197 [INFO] Concluído 2023167457.pdf (1115/3237)
2025-11-19 22:49:47,197 [INFO] Concluído 2023176273.pdf (1116/3237)
2025-11-19 22:49:47,197 [INFO] Concluído 2023167424.pdf (1117/3237)
2025-11-19 22:49:47,197 [INFO] Concluído 2023179774.pdf (1118/3237)
2025-11-19 22:49:47,197 [INFO] Concluído 2023176136.pdf (1119/3237)
2025-11-19 22:49:47,197 [INFO] Concluído 2023177379.pdf (1120/3237)
2025-11-19 22:49:47,198 [INFO] Concluído 2023141265.pdf (1121/3237)
2025-11-19 22:49:47,198 [INFO] Concluído 2023167699.pdf (1122/3237)
2025-11-19 22:49:47,198 [INFO] Concluído 2023180045.pdf (1123/3237)
2025-11-19 22:49:47,198 [INFO] Concluído 2023182632.pdf (1124/3237)
2025-11-19 22:49:47,198 [INFO] Concluído 2023165200.pdf (1125/3237)
2025-11-19 22:49:55,234 [INFO] Checkpoint salvo (1125 registros no total).
2025-11-19 22:49:55,234 [INFO] Concluído 2023173541.pdf (1126/3237)
2025-11-19 22:49:55,234 [INFO] Concluído 2023169475.pdf (1127/3237)
2025-11-19 22:49:55,235 [INFO] Concluído 2023182569.pdf (1128/3237)
2025-11-19 22:49:55,236 [INFO] Concluído 2023177320.pdf (1129/3237)
2025-11-19 22:49:55,236 [INFO] Concluído 2023182464.pdf (1130/3237)
2025-11-19 22:49:55,236 [INFO] Concluído 2023178327.pdf (1131/3237)
2025-11-19 22:49:55,237 [INFO] Concluído 2023182665.pdf (1132/3237)
2025-11-19 22:49:55,237 [INFO] Concluído 2023182681.pdf (1133/3237)
2025-11-19 22:49:55,237 [INFO] Concluído 2023180990.pdf (1134/3237)
2025-11-19 22:49:55,238 [INFO] Concluído 2023180668.pdf (1135/3237)
2025-11-19 22:49:55,238 [INFO] Concluído 2023178386.pdf (1136/3237)
2025-11-19 22:49:55,238 [INFO] Concluído 2023178247.pdf (1137/3237)
2025-11-19 22:49:55,238 [INFO] Concluído 2023181873.pdf (1138/3237)
2025-11-19 22:49:55,239 [INFO] Concluído 2023182737.pdf (1139/3237)
2025-11-19 22:49:55,239 [INFO] Concluído 20231818731.pdf (1140/3237)
2025-11-19 22:49:55,251 [INFO] Concluído 2023182704.pdf (1141/3237)
2025-11-19 22:49:55,251 [INFO] Concluído 2023185223.pdf (1142/3237)
2025-11-19 22:49:55,252 [INFO] Concluído 2023184128.pdf (1143/3237)
2025-11-19 22:49:55,253 [INFO] Concluído 2023186126.pdf (1144/3237)
2025-11-19 22:49:55,253 [INFO] Concluído 2023180957.pdf (1145/3237)
2025-11-19 22:49:55,254 [INFO] Concluído 2023185320.pdf (1146/3237)
2025-11-19 22:49:55,254 [INFO] Concluído 2023188332.pdf (1147/3237)
2025-11-19 22:49:55,254 [INFO] Concluído 2023185338.pdf (1148/3237)
2025-11-19 22:49:55,255 [INFO] Concluído 2023186433.pdf (1149/3237)
2025-11-19 22:49:55,255 [INFO] Concluído 2023188365.pdf (1150/3237)
2025-11-19 23:30:10,792 [INFO] Executando extração (run-id=extract-20251119-223443-af7dd5) - log: /mnt/b/dev/sei-dashboard/logs/extract-20251119-223443-af7dd5.log
2025-11-19 23:32:17,240 [INFO] Executando extração (run-id=extract-20251119-223443-af7dd5) - log: /mnt/b/dev/sei-dashboard/logs/extract-20251119-223443-af7dd5.log
2025-11-19 23:36:31,980 [INFO] Executando extração (run-id=extract-20251119-223443-af7dd5) - log: /mnt/b/dev/sei-dashboard/logs/extract-20251119-223443-af7dd5.log
2025-11-19 23:41:41,938 [INFO] Pulando 1125 arquivo(s) já presentes no relatório.
2025-11-19 23:41:41,938 [INFO] Processando 40 arquivo(s) com 1 worker(s).
2025-11-19 23:41:41,939 [INFO] Processando 2023116248.pdf (1/40)...
2025-11-19 23:42:15,390 [INFO] Processando 2023167779.pdf (2/40)...
2025-11-19 23:42:30,472 [INFO] Processando 2023169475.pdf (3/40)...
2025-11-19 23:42:36,056 [INFO] Processando 2023172334.pdf (4/40)...
2025-11-19 23:42:43,353 [INFO] Processando 2023173541.pdf (5/40)...
2025-11-19 23:42:46,467 [INFO] Processando 2023176021.pdf (6/40)...
2025-11-19 23:42:54,060 [INFO] Processando 2023177320.pdf (7/40)...
2025-11-19 23:42:57,721 [INFO] Processando 2023178247.pdf (8/40)...
2025-11-19 23:43:03,153 [INFO] Processando 2023178327.pdf (9/40)...
2025-11-19 23:43:06,271 [INFO] Processando 2023178386.pdf (10/40)...
2025-11-19 23:43:09,669 [INFO] Processando 2023180668.pdf (11/40)...
2025-11-19 23:43:12,694 [INFO] Processando 2023180932.pdf (12/40)...
2025-11-19 23:43:17,873 [INFO] Processando 2023180957.pdf (13/40)...
2025-11-19 23:43:22,045 [INFO] Processando 2023180990.pdf (14/40)...
2025-11-19 23:43:23,966 [INFO] Processando 2023181873.pdf (15/40)...
2025-11-19 23:43:26,137 [INFO] Processando 20231818731.pdf (16/40)...
2025-11-19 23:43:28,339 [INFO] Processando 2023181996.pdf (17/40)...
2025-11-19 23:43:45,856 [INFO] Processando 20231819961.pdf (18/40)...
2025-11-19 23:44:03,700 [INFO] Processando 2023182464.pdf (19/40)...
2025-11-19 23:44:05,405 [INFO] Processando 2023182569.pdf (20/40)...
2025-11-19 23:44:06,576 [INFO] Processando 2023182665.pdf (21/40)...
2025-11-19 23:44:07,934 [INFO] Processando 2023182681.pdf (22/40)...
2025-11-19 23:44:09,336 [INFO] Processando 2023182704.pdf (23/40)...
2025-11-19 23:44:11,156 [INFO] Processando 2023182737.pdf (24/40)...
2025-11-19 23:44:12,802 [INFO] Processando 2023183043.pdf (25/40)...
2025-11-19 23:44:16,970 [INFO] Checkpoint salvo (1150 registros no total).
2025-11-19 23:44:16,971 [INFO] Processando 2023184128.pdf (26/40)...
2025-11-19 23:44:19,030 [INFO] Processando 2023185223.pdf (27/40)...
2025-11-19 23:44:20,821 [INFO] Processando 2023185320.pdf (28/40)...
2025-11-19 23:44:23,043 [INFO] Processando 2023185338.pdf (29/40)...
2025-11-19 23:44:25,391 [INFO] Processando 2023185784.pdf (30/40)...
2025-11-19 23:44:45,725 [INFO] Processando 2023185805.pdf (31/40)...
2025-11-19 23:45:08,726 [INFO] Processando 2023185848.pdf (32/40)...
2025-11-19 23:45:27,962 [INFO] Processando 2023185936.pdf (33/40)...
2025-11-19 23:45:32,975 [INFO] Processando 2023186126.pdf (34/40)...
2025-11-19 23:45:34,725 [INFO] Processando 2023186360.pdf (35/40)...
2025-11-19 23:45:39,615 [INFO] Processando 2023186386.pdf (36/40)...
2025-11-19 23:45:43,002 [INFO] Processando 2023186425.pdf (37/40)...
2025-11-19 23:45:46,501 [INFO] Processando 2023186433.pdf (38/40)...
2025-11-19 23:45:48,031 [INFO] Processando 2023186450.pdf (39/40)...
2025-11-19 23:45:51,366 [INFO] Processando 2023186476.pdf (40/40)...
2025-11-19 23:45:55,758 [INFO] Checkpoint salvo (1165 registros no total).
2025-11-19 23:45:55,760 [INFO] Relatório salvo/atualizado em relatorio-pericias.xlsx
2025-11-19 23:46:33,690 [INFO] Executando extração (run-id=extract-20251119-223443-af7dd5) - log: /mnt/b/dev/sei-dashboard/logs/extract-20251119-223443-af7dd5.log
2025-11-19 23:52:04,196 [INFO] Pulando 1165 arquivo(s) já presentes no relatório.
2025-11-19 23:52:04,196 [INFO] Processando 60 arquivo(s) com 4 worker(s).
2025-11-19 23:52:04,788 [INFO] Concluído 2023188332.pdf (1/60)
2025-11-19 23:52:05,000 [INFO] Concluído 2023188365.pdf (2/60)
2025-11-19 23:52:05,295 [INFO] Concluído 2023188324.pdf (3/60)
2025-11-19 23:52:05,505 [INFO] Concluído 2023188373.pdf (4/60)
2025-11-19 23:52:05,860 [INFO] Concluído 2023188429.pdf (5/60)
2025-11-19 23:52:06,132 [INFO] Concluído 2023188461.pdf (6/60)
2025-11-19 23:52:06,315 [INFO] Concluído 2023188437.pdf (7/60)
2025-11-19 23:52:06,950 [INFO] Concluído 2023189181.pdf (8/60)
2025-11-19 23:52:07,555 [INFO] Concluído 20231891811.pdf (9/60)
2025-11-19 23:52:08,949 [INFO] Concluído 2023188349.pdf (10/60)
2025-11-19 23:52:09,102 [INFO] Concluído 2023189212.pdf (11/60)
2025-11-19 23:52:10,523 [INFO] Concluído 2024002892.pdf (12/60)
2025-11-19 23:52:10,544 [INFO] Concluído 2023188470.pdf (13/60)
2025-11-19 23:52:11,756 [INFO] Concluído 2024002204.pdf (14/60)
2025-11-19 23:52:11,779 [INFO] Concluído 2024002913.pdf (15/60)
2025-11-19 23:52:12,120 [INFO] Concluído 2024003220.pdf (16/60)
2025-11-19 23:52:12,705 [INFO] Concluído 2024003836.pdf (17/60)
2025-11-19 23:52:12,790 [INFO] Concluído 2024003828.pdf (18/60)
2025-11-19 23:52:14,182 [INFO] Concluído 2024006125.pdf (19/60)
2025-11-19 23:52:14,186 [INFO] Concluído 2024005954.pdf (20/60)
2025-11-19 23:52:15,092 [INFO] Concluído 2024006168.pdf (21/60)
2025-11-19 23:52:15,734 [INFO] Concluído 2024006631.pdf (22/60)
2025-11-19 23:52:16,877 [INFO] Concluído 2023188488.pdf (23/60)
2025-11-19 23:52:18,525 [INFO] Concluído 2024006682.pdf (24/60)
2025-11-19 23:52:19,866 [INFO] Concluído 2024006720.pdf (25/60)
2025-11-19 23:52:20,249 [INFO] Checkpoint salvo (1190 registros no total).
2025-11-19 23:52:20,250 [INFO] Concluído 2024007706.pdf (26/60)
2025-11-19 23:52:21,296 [INFO] Concluído 2024006213.pdf (27/60)
2025-11-19 23:52:21,597 [INFO] Concluído 20240077061.pdf (28/60)
2025-11-19 23:52:22,172 [INFO] Concluído 2024008320.pdf (29/60)
2025-11-19 23:52:23,181 [INFO] Concluído 2024008901.pdf (30/60)
2025-11-19 23:52:23,862 [INFO] Concluído 2024010698.pdf (31/60)
2025-11-19 23:52:24,924 [INFO] Concluído 2024011383.pdf (32/60)
2025-11-19 23:52:25,226 [INFO] Concluído 2024005456.pdf (33/60)
2025-11-19 23:52:25,304 [INFO] Concluído 2024011439.pdf (34/60)
2025-11-19 23:52:29,240 [INFO] Concluído 2024012824.pdf (35/60)
2025-11-19 23:52:29,341 [INFO] Concluído 2024010296.pdf (36/60)
2025-11-19 23:52:29,542 [INFO] Concluído 2024011668.pdf (37/60)
2025-11-19 23:52:30,549 [INFO] Concluído 2024013552.pdf (38/60)
2025-11-19 23:52:35,239 [INFO] Concluído 2024012988.pdf (39/60)
2025-11-19 23:52:37,359 [INFO] Concluído 2024013938.pdf (40/60)
2025-11-19 23:52:41,576 [INFO] Concluído 2024014955.pdf (41/60)
2025-11-19 23:52:42,462 [INFO] Concluído 2024015312.pdf (42/60)
2025-11-19 23:52:50,134 [INFO] Concluído 2024015458.pdf (43/60)
2025-11-19 23:52:50,681 [INFO] Concluído 20240154581.pdf (44/60)
2025-11-19 23:52:50,796 [INFO] Concluído 2024014971.pdf (45/60)
2025-11-19 23:52:52,022 [INFO] Concluído 2024016231.pdf (46/60)
2025-11-19 23:52:52,749 [INFO] Concluído 20240162311.pdf (47/60)
2025-11-19 23:52:53,884 [INFO] Concluído 2024016274.pdf (48/60)
2025-11-19 23:52:54,120 [INFO] Concluído 2024014787.pdf (49/60)
2025-11-19 23:52:54,354 [INFO] Concluído 2024015642.pdf (50/60)
2025-11-19 23:52:54,929 [INFO] Checkpoint salvo (1215 registros no total).
2025-11-19 23:52:54,987 [INFO] Concluído 20240156421.pdf (51/60)
2025-11-19 23:52:55,501 [INFO] Concluído 2024016282.pdf (52/60)
2025-11-19 23:52:55,537 [INFO] Concluído 2024016299.pdf (53/60)
2025-11-19 23:52:55,695 [INFO] Concluído 2024016338.pdf (54/60)
2025-11-19 23:52:56,132 [INFO] Concluído 2024016379.pdf (55/60)
2025-11-19 23:52:56,139 [INFO] Concluído 2024016362.pdf (56/60)
2025-11-19 23:52:56,304 [INFO] Concluído 2024016395.pdf (57/60)
2025-11-19 23:52:56,464 [INFO] Concluído 20240162821.pdf (58/60)
2025-11-19 23:52:56,759 [INFO] Concluído 2024016434.pdf (59/60)
2025-11-19 23:52:59,181 [INFO] Concluído 2024016856.pdf (60/60)
2025-11-19 23:53:01,308 [INFO] Checkpoint salvo (1225 registros no total).
2025-11-19 23:53:01,309 [INFO] Relatório salvo/atualizado em relatorio-pericias.xlsx
